<?xml version="1.0" encoding="UTF-8"?>
<testsuite xmlns:xsi="http://www.w3.org/2001/XMLSchema-instance" xsi:schemaLocation="https://maven.apache.org/surefire/maven-surefire-plugin/xsd/surefire-test-report.xsd" name="com.basistech.rosette.api.RosetteAPITest" time="32.019" tests="1596" errors="0" skipped="0" failures="0">
  <properties>
[...]
</properties>
  <testcase name="testGetSentimentURL[0]" classname="com.basistech.rosette.api.RosetteAPITest" time="0.135"/>
  <testcase name="testIgnoredUnknownField[0]" classname="com.basistech.rosette.api.RosetteAPITest" time="0.107"/>
  <testcase name="testTranslateName[0]" classname="com.basistech.rosette.api.RosetteAPITest" time="0.083"/>
  <testcase name="testGetRelationships[0]" classname="com.basistech.rosette.api.RosetteAPITest" time="0.082"/>
  <testcase name="testGetCategories[0]" classname="com.basistech.rosette.api.RosetteAPITest" time="0.094"/>
  <testcase name="testGetSyntaxDependencies[0]" classname="com.basistech.rosette.api.RosetteAPITest" time="0.07"/>
  <testcase name="testGetRelationshipsURL[0]" classname="com.basistech.rosette.api.RosetteAPITest" time="0.06"/>
  <testcase name="testGetMorphologyDoc[0]" classname="com.basistech.rosette.api.RosetteAPITest" time="0.069"/>
  <testcase name="testGetMorphologyURL[0]" classname="com.basistech.rosette.api.RosetteAPITest" time="0.049"/>
  <testcase name="testGetSyntaxDependenciesURL[0]" classname="com.basistech.rosette.api.RosetteAPITest" time="0.06"/>
  <testcase name="testNonIgnoredUnknownField[0]" classname="com.basistech.rosette.api.RosetteAPITest" time="0.046"/>
  <testcase name="testGetEntityDoc[0]" classname="com.basistech.rosette.api.RosetteAPITest" time="0.135"/>
  <testcase name="testGetEntityURL[0]" classname="com.basistech.rosette.api.RosetteAPITest" time="0.062"/>
  <testcase name="testNameDeduplication[0]" classname="com.basistech.rosette.api.RosetteAPITest" time="0.069"/>
  <testcase name="testGetLanguageDoc[0]" classname="com.basistech.rosette.api.RosetteAPITest" time="0.062"/>
  <testcase name="testGetLanguageURL[0]" classname="com.basistech.rosette.api.RosetteAPITest" time="0.054"/>
  <testcase name="testMatchName[0]" classname="com.basistech.rosette.api.RosetteAPITest" time="0.06"/>
  <testcase name="testGetSentiment[0]" classname="com.basistech.rosette.api.RosetteAPITest" time="0.049"/>
  <testcase name="testGetCategoriesURL[0]" classname="com.basistech.rosette.api.RosetteAPITest" time="0.04"/>
  <testcase name="testGetSentimentURL[1]" classname="com.basistech.rosette.api.RosetteAPITest" time="0.055"/>
  <testcase name="testIgnoredUnknownField[1]" classname="com.basistech.rosette.api.RosetteAPITest" time="0.037"/>
  <testcase name="testTranslateName[1]" classname="com.basistech.rosette.api.RosetteAPITest" time="0.029"/>
  <testcase name="testGetRelationships[1]" classname="com.basistech.rosette.api.RosetteAPITest" time="0.061"/>
  <testcase name="testGetCategories[1]" classname="com.basistech.rosette.api.RosetteAPITest" time="0.055"/>
  <testcase name="testGetSyntaxDependencies[1]" classname="com.basistech.rosette.api.RosetteAPITest" time="0.117"/>
  <testcase name="testGetRelationshipsURL[1]" classname="com.basistech.rosette.api.RosetteAPITest" time="0.055"/>
  <testcase name="testGetMorphologyDoc[1]" classname="com.basistech.rosette.api.RosetteAPITest" time="0.071"/>
  <testcase name="testGetMorphologyURL[1]" classname="com.basistech.rosette.api.RosetteAPITest" time="0.085"/>
  <testcase name="testGetSyntaxDependenciesURL[1]" classname="com.basistech.rosette.api.RosetteAPITest" time="0.043"/>
  <testcase name="testNonIgnoredUnknownField[1]" classname="com.basistech.rosette.api.RosetteAPITest" time="0.042"/>
  <testcase name="testGetEntityDoc[1]" classname="com.basistech.rosette.api.RosetteAPITest" time="0.086"/>
  <testcase name="testGetEntityURL[1]" classname="com.basistech.rosette.api.RosetteAPITest" time="0.067"/>
  <testcase name="testNameDeduplication[1]" classname="com.basistech.rosette.api.RosetteAPITest" time="0.069"/>
  <testcase name="testGetLanguageDoc[1]" classname="com.basistech.rosette.api.RosetteAPITest" time="0.06"/>
  <testcase name="testGetLanguageURL[1]" classname="com.basistech.rosette.api.RosetteAPITest" time="0.072"/>
  <testcase name="testMatchName[1]" classname="com.basistech.rosette.api.RosetteAPITest" time="0.067"/>
  <testcase name="testGetSentiment[1]" classname="com.basistech.rosette.api.RosetteAPITest" time="0.042"/>
  <testcase name="testGetCategoriesURL[1]" classname="com.basistech.rosette.api.RosetteAPITest" time="0.06"/>
  <testcase name="testGetSentimentURL[2]" classname="com.basistech.rosette.api.RosetteAPITest" time="0.028"/>
  <testcase name="testIgnoredUnknownField[2]" classname="com.basistech.rosette.api.RosetteAPITest" time="0.03"/>
  <testcase name="testTranslateName[2]" classname="com.basistech.rosette.api.RosetteAPITest" time="0.063"/>
  <testcase name="testGetRelationships[2]" classname="com.basistech.rosette.api.RosetteAPITest" time="0.057"/>
  <testcase name="testGetCategories[2]" classname="com.basistech.rosette.api.RosetteAPITest" time="0.024"/>
  <testcase name="testGetSyntaxDependencies[2]" classname="com.basistech.rosette.api.RosetteAPITest" time="0.038"/>
  <testcase name="testGetRelationshipsURL[2]" classname="com.basistech.rosette.api.RosetteAPITest" time="0.028"/>
  <testcase name="testGetMorphologyDoc[2]" classname="com.basistech.rosette.api.RosetteAPITest" time="0.049"/>
  <testcase name="testGetMorphologyURL[2]" classname="com.basistech.rosette.api.RosetteAPITest" time="0.031"/>
  <testcase name="testGetSyntaxDependenciesURL[2]" classname="com.basistech.rosette.api.RosetteAPITest" time="0.044"/>
  <testcase name="testNonIgnoredUnknownField[2]" classname="com.basistech.rosette.api.RosetteAPITest" time="0.03"/>
  <testcase name="testGetEntityDoc[2]" classname="com.basistech.rosette.api.RosetteAPITest" time="0.029"/>
  <testcase name="testGetEntityURL[2]" classname="com.basistech.rosette.api.RosetteAPITest" time="0.034"/>
  <testcase name="testNameDeduplication[2]" classname="com.basistech.rosette.api.RosetteAPITest" time="0.045"/>
  <testcase name="testGetLanguageDoc[2]" classname="com.basistech.rosette.api.RosetteAPITest" time="0.031"/>
  <testcase name="testGetLanguageURL[2]" classname="com.basistech.rosette.api.RosetteAPITest" time="0.044"/>
  <testcase name="testMatchName[2]" classname="com.basistech.rosette.api.RosetteAPITest" time="0.073"/>
  <testcase name="testGetSentiment[2]" classname="com.basistech.rosette.api.RosetteAPITest" time="0.028"/>
  <testcase name="testGetCategoriesURL[2]" classname="com.basistech.rosette.api.RosetteAPITest" time="0.023"/>
  <testcase name="testGetSentimentURL[3]" classname="com.basistech.rosette.api.RosetteAPITest" time="0.035"/>
  <testcase name="testIgnoredUnknownField[3]" classname="com.basistech.rosette.api.RosetteAPITest" time="0.024"/>
  <testcase name="testTranslateName[3]" classname="com.basistech.rosette.api.RosetteAPITest" time="0.032"/>
  <testcase name="testGetRelationships[3]" classname="com.basistech.rosette.api.RosetteAPITest" time="0.027"/>
  <testcase name="testGetCategories[3]" classname="com.basistech.rosette.api.RosetteAPITest" time="0.045"/>
  <testcase name="testGetSyntaxDependencies[3]" classname="com.basistech.rosette.api.RosetteAPITest" time="0.065"/>
  <testcase name="testGetRelationshipsURL[3]" classname="com.basistech.rosette.api.RosetteAPITest" time="0.018"/>
  <testcase name="testGetMorphologyDoc[3]" classname="com.basistech.rosette.api.RosetteAPITest" time="0.022"/>
  <testcase name="testGetMorphologyURL[3]" classname="com.basistech.rosette.api.RosetteAPITest" time="0.048"/>
  <testcase name="testGetSyntaxDependenciesURL[3]" classname="com.basistech.rosette.api.RosetteAPITest" time="0.026"/>
  <testcase name="testNonIgnoredUnknownField[3]" classname="com.basistech.rosette.api.RosetteAPITest" time="0.02"/>
  <testcase name="testGetEntityDoc[3]" classname="com.basistech.rosette.api.RosetteAPITest" time="0.029"/>
  <testcase name="testGetEntityURL[3]" classname="com.basistech.rosette.api.RosetteAPITest" time="0.036"/>
  <testcase name="testNameDeduplication[3]" classname="com.basistech.rosette.api.RosetteAPITest" time="0.024"/>
  <testcase name="testGetLanguageDoc[3]" classname="com.basistech.rosette.api.RosetteAPITest" time="0.025"/>
  <testcase name="testGetLanguageURL[3]" classname="com.basistech.rosette.api.RosetteAPITest" time="0.023"/>
  <testcase name="testMatchName[3]" classname="com.basistech.rosette.api.RosetteAPITest" time="0.024"/>
  <testcase name="testGetSentiment[3]" classname="com.basistech.rosette.api.RosetteAPITest" time="0.024"/>
  <testcase name="testGetCategoriesURL[3]" classname="com.basistech.rosette.api.RosetteAPITest" time="0.075"/>
  <testcase name="testGetSentimentURL[4]" classname="com.basistech.rosette.api.RosetteAPITest" time="0.038"/>
  <testcase name="testIgnoredUnknownField[4]" classname="com.basistech.rosette.api.RosetteAPITest" time="0.035"/>
  <testcase name="testTranslateName[4]" classname="com.basistech.rosette.api.RosetteAPITest" time="0.048"/>
  <testcase name="testGetRelationships[4]" classname="com.basistech.rosette.api.RosetteAPITest" time="0.028"/>
  <testcase name="testGetCategories[4]" classname="com.basistech.rosette.api.RosetteAPITest" time="0.039"/>
  <testcase name="testGetSyntaxDependencies[4]" classname="com.basistech.rosette.api.RosetteAPITest" time="0.035"/>
  <testcase name="testGetRelationshipsURL[4]" classname="com.basistech.rosette.api.RosetteAPITest" time="0.026"/>
  <testcase name="testGetMorphologyDoc[4]" classname="com.basistech.rosette.api.RosetteAPITest" time="0.033"/>
  <testcase name="testGetMorphologyURL[4]" classname="com.basistech.rosette.api.RosetteAPITest" time="0.074"/>
  <testcase name="testGetSyntaxDependenciesURL[4]" classname="com.basistech.rosette.api.RosetteAPITest" time="0.041"/>
  <testcase name="testNonIgnoredUnknownField[4]" classname="com.basistech.rosette.api.RosetteAPITest" time="0.035"/>
  <testcase name="testGetEntityDoc[4]" classname="com.basistech.rosette.api.RosetteAPITest" time="0.038"/>
  <testcase name="testGetEntityURL[4]" classname="com.basistech.rosette.api.RosetteAPITest" time="0.021"/>
  <testcase name="testNameDeduplication[4]" classname="com.basistech.rosette.api.RosetteAPITest" time="0.02"/>
  <testcase name="testGetLanguageDoc[4]" classname="com.basistech.rosette.api.RosetteAPITest" time="0.03"/>
  <testcase name="testGetLanguageURL[4]" classname="com.basistech.rosette.api.RosetteAPITest" time="0.026"/>
  <testcase name="testMatchName[4]" classname="com.basistech.rosette.api.RosetteAPITest" time="0.025"/>
  <testcase name="testGetSentiment[4]" classname="com.basistech.rosette.api.RosetteAPITest" time="0.023"/>
  <testcase name="testGetCategoriesURL[4]" classname="com.basistech.rosette.api.RosetteAPITest" time="0.049"/>
  <testcase name="testGetSentimentURL[5]" classname="com.basistech.rosette.api.RosetteAPITest" time="0.043"/>
  <testcase name="testIgnoredUnknownField[5]" classname="com.basistech.rosette.api.RosetteAPITest" time="0.034"/>
  <testcase name="testTranslateName[5]" classname="com.basistech.rosette.api.RosetteAPITest" time="0.023"/>
  <testcase name="testGetRelationships[5]" classname="com.basistech.rosette.api.RosetteAPITest" time="0.02"/>
  <testcase name="testGetCategories[5]" classname="com.basistech.rosette.api.RosetteAPITest" time="0.029"/>
  <testcase name="testGetSyntaxDependencies[5]" classname="com.basistech.rosette.api.RosetteAPITest" time="0.031"/>
  <testcase name="testGetRelationshipsURL[5]" classname="com.basistech.rosette.api.RosetteAPITest" time="0.018"/>
  <testcase name="testGetMorphologyDoc[5]" classname="com.basistech.rosette.api.RosetteAPITest" time="0.023"/>
  <testcase name="testGetMorphologyURL[5]" classname="com.basistech.rosette.api.RosetteAPITest" time="0.025"/>
  <testcase name="testGetSyntaxDependenciesURL[5]" classname="com.basistech.rosette.api.RosetteAPITest" time="0.043"/>
  <testcase name="testNonIgnoredUnknownField[5]" classname="com.basistech.rosette.api.RosetteAPITest" time="0.028"/>
  <testcase name="testGetEntityDoc[5]" classname="com.basistech.rosette.api.RosetteAPITest" time="0.024"/>
  <testcase name="testGetEntityURL[5]" classname="com.basistech.rosette.api.RosetteAPITest" time="0.063"/>
  <testcase name="testNameDeduplication[5]" classname="com.basistech.rosette.api.RosetteAPITest" time="0.021"/>
  <testcase name="testGetLanguageDoc[5]" classname="com.basistech.rosette.api.RosetteAPITest" time="0.032"/>
  <testcase name="testGetLanguageURL[5]" classname="com.basistech.rosette.api.RosetteAPITest" time="0.021"/>
  <testcase name="testMatchName[5]" classname="com.basistech.rosette.api.RosetteAPITest" time="0.028"/>
  <testcase name="testGetSentiment[5]" classname="com.basistech.rosette.api.RosetteAPITest" time="0.028"/>
  <testcase name="testGetCategoriesURL[5]" classname="com.basistech.rosette.api.RosetteAPITest" time="0.027"/>
  <testcase name="testGetSentimentURL[6]" classname="com.basistech.rosette.api.RosetteAPITest" time="0.022"/>
  <testcase name="testIgnoredUnknownField[6]" classname="com.basistech.rosette.api.RosetteAPITest" time="0.024"/>
  <testcase name="testTranslateName[6]" classname="com.basistech.rosette.api.RosetteAPITest" time="0.023"/>
  <testcase name="testGetRelationships[6]" classname="com.basistech.rosette.api.RosetteAPITest" time="0.035"/>
  <testcase name="testGetCategories[6]" classname="com.basistech.rosette.api.RosetteAPITest" time="0.022"/>
  <testcase name="testGetSyntaxDependencies[6]" classname="com.basistech.rosette.api.RosetteAPITest" time="0.03"/>
  <testcase name="testGetRelationshipsURL[6]" classname="com.basistech.rosette.api.RosetteAPITest" time="0.043"/>
  <testcase name="testGetMorphologyDoc[6]" classname="com.basistech.rosette.api.RosetteAPITest" time="0.021"/>
  <testcase name="testGetMorphologyURL[6]" classname="com.basistech.rosette.api.RosetteAPITest" time="0.038"/>
  <testcase name="testGetSyntaxDependenciesURL[6]" classname="com.basistech.rosette.api.RosetteAPITest" time="0.02"/>
  <testcase name="testNonIgnoredUnknownField[6]" classname="com.basistech.rosette.api.RosetteAPITest" time="0.021"/>
  <testcase name="testGetEntityDoc[6]" classname="com.basistech.rosette.api.RosetteAPITest" time="0.033"/>
  <testcase name="testGetEntityURL[6]" classname="com.basistech.rosette.api.RosetteAPITest" time="0.032"/>
  <testcase name="testNameDeduplication[6]" classname="com.basistech.rosette.api.RosetteAPITest" time="0.019"/>
  <testcase name="testGetLanguageDoc[6]" classname="com.basistech.rosette.api.RosetteAPITest" time="0.03"/>
  <testcase name="testGetLanguageURL[6]" classname="com.basistech.rosette.api.RosetteAPITest" time="0.019"/>
  <testcase name="testMatchName[6]" classname="com.basistech.rosette.api.RosetteAPITest" time="0.028"/>
  <testcase name="testGetSentiment[6]" classname="com.basistech.rosette.api.RosetteAPITest" time="0.025"/>
  <testcase name="testGetCategoriesURL[6]" classname="com.basistech.rosette.api.RosetteAPITest" time="0.024"/>
  <testcase name="testGetSentimentURL[7]" classname="com.basistech.rosette.api.RosetteAPITest" time="0.02"/>
  <testcase name="testIgnoredUnknownField[7]" classname="com.basistech.rosette.api.RosetteAPITest" time="0.02"/>
  <testcase name="testTranslateName[7]" classname="com.basistech.rosette.api.RosetteAPITest" time="0.019"/>
  <testcase name="testGetRelationships[7]" classname="com.basistech.rosette.api.RosetteAPITest" time="0.019"/>
  <testcase name="testGetCategories[7]" classname="com.basistech.rosette.api.RosetteAPITest" time="0.024"/>
  <testcase name="testGetSyntaxDependencies[7]" classname="com.basistech.rosette.api.RosetteAPITest" time="0.026"/>
  <testcase name="testGetRelationshipsURL[7]" classname="com.basistech.rosette.api.RosetteAPITest" time="0.025"/>
  <testcase name="testGetMorphologyDoc[7]" classname="com.basistech.rosette.api.RosetteAPITest" time="0.023"/>
  <testcase name="testGetMorphologyURL[7]" classname="com.basistech.rosette.api.RosetteAPITest" time="0.02"/>
  <testcase name="testGetSyntaxDependenciesURL[7]" classname="com.basistech.rosette.api.RosetteAPITest" time="0.033"/>
  <testcase name="testNonIgnoredUnknownField[7]" classname="com.basistech.rosette.api.RosetteAPITest" time="0.031"/>
  <testcase name="testGetEntityDoc[7]" classname="com.basistech.rosette.api.RosetteAPITest" time="0.021"/>
  <testcase name="testGetEntityURL[7]" classname="com.basistech.rosette.api.RosetteAPITest" time="0.036"/>
  <testcase name="testNameDeduplication[7]" classname="com.basistech.rosette.api.RosetteAPITest" time="0.026"/>
  <testcase name="testGetLanguageDoc[7]" classname="com.basistech.rosette.api.RosetteAPITest" time="0.037"/>
  <testcase name="testGetLanguageURL[7]" classname="com.basistech.rosette.api.RosetteAPITest" time="0.025"/>
  <testcase name="testMatchName[7]" classname="com.basistech.rosette.api.RosetteAPITest" time="0.036"/>
  <testcase name="testGetSentiment[7]" classname="com.basistech.rosette.api.RosetteAPITest" time="0.02"/>
  <testcase name="testGetCategoriesURL[7]" classname="com.basistech.rosette.api.RosetteAPITest" time="0.035"/>
  <testcase name="testGetSentimentURL[8]" classname="com.basistech.rosette.api.RosetteAPITest" time="0.018"/>
  <testcase name="testIgnoredUnknownField[8]" classname="com.basistech.rosette.api.RosetteAPITest" time="0.018"/>
  <testcase name="testTranslateName[8]" classname="com.basistech.rosette.api.RosetteAPITest" time="0.02"/>
  <testcase name="testGetRelationships[8]" classname="com.basistech.rosette.api.RosetteAPITest" time="0.024"/>
  <testcase name="testGetCategories[8]" classname="com.basistech.rosette.api.RosetteAPITest" time="0.023"/>
  <testcase name="testGetSyntaxDependencies[8]" classname="com.basistech.rosette.api.RosetteAPITest" time="0.036"/>
  <testcase name="testGetRelationshipsURL[8]" classname="com.basistech.rosette.api.RosetteAPITest" time="0.022"/>
  <testcase name="testGetMorphologyDoc[8]" classname="com.basistech.rosette.api.RosetteAPITest" time="0.029"/>
  <testcase name="testGetMorphologyURL[8]" classname="com.basistech.rosette.api.RosetteAPITest" time="0.029"/>
  <testcase name="testGetSyntaxDependenciesURL[8]" classname="com.basistech.rosette.api.RosetteAPITest" time="0.019"/>
  <testcase name="testNonIgnoredUnknownField[8]" classname="com.basistech.rosette.api.RosetteAPITest" time="0.022"/>
  <testcase name="testGetEntityDoc[8]" classname="com.basistech.rosette.api.RosetteAPITest" time="0.018"/>
  <testcase name="testGetEntityURL[8]" classname="com.basistech.rosette.api.RosetteAPITest" time="0.027"/>
  <testcase name="testNameDeduplication[8]" classname="com.basistech.rosette.api.RosetteAPITest" time="0.02"/>
  <testcase name="testGetLanguageDoc[8]" classname="com.basistech.rosette.api.RosetteAPITest" time="0.031"/>
  <testcase name="testGetLanguageURL[8]" classname="com.basistech.rosette.api.RosetteAPITest" time="0.015"/>
  <testcase name="testMatchName[8]" classname="com.basistech.rosette.api.RosetteAPITest" time="0.026"/>
  <testcase name="testGetSentiment[8]" classname="com.basistech.rosette.api.RosetteAPITest" time="0.02"/>
  <testcase name="testGetCategoriesURL[8]" classname="com.basistech.rosette.api.RosetteAPITest" time="0.033"/>
  <testcase name="testGetSentimentURL[9]" classname="com.basistech.rosette.api.RosetteAPITest" time="0.026"/>
  <testcase name="testIgnoredUnknownField[9]" classname="com.basistech.rosette.api.RosetteAPITest" time="0.023"/>
  <testcase name="testTranslateName[9]" classname="com.basistech.rosette.api.RosetteAPITest" time="0.027"/>
  <testcase name="testGetRelationships[9]" classname="com.basistech.rosette.api.RosetteAPITest" time="0.021"/>
  <testcase name="testGetCategories[9]" classname="com.basistech.rosette.api.RosetteAPITest" time="0.046"/>
  <testcase name="testGetSyntaxDependencies[9]" classname="com.basistech.rosette.api.RosetteAPITest" time="0.019"/>
  <testcase name="testGetRelationshipsURL[9]" classname="com.basistech.rosette.api.RosetteAPITest" time="0.027"/>
  <testcase name="testGetMorphologyDoc[9]" classname="com.basistech.rosette.api.RosetteAPITest" time="0.02"/>
  <testcase name="testGetMorphologyURL[9]" classname="com.basistech.rosette.api.RosetteAPITest" time="0.018"/>
  <testcase name="testGetSyntaxDependenciesURL[9]" classname="com.basistech.rosette.api.RosetteAPITest" time="0.02"/>
  <testcase name="testNonIgnoredUnknownField[9]" classname="com.basistech.rosette.api.RosetteAPITest" time="0.028"/>
  <testcase name="testGetEntityDoc[9]" classname="com.basistech.rosette.api.RosetteAPITest" time="0.018"/>
  <testcase name="testGetEntityURL[9]" classname="com.basistech.rosette.api.RosetteAPITest" time="0.017"/>
  <testcase name="testNameDeduplication[9]" classname="com.basistech.rosette.api.RosetteAPITest" time="0.019"/>
  <testcase name="testGetLanguageDoc[9]" classname="com.basistech.rosette.api.RosetteAPITest" time="0.043"/>
  <testcase name="testGetLanguageURL[9]" classname="com.basistech.rosette.api.RosetteAPITest" time="0.019"/>
  <testcase name="testMatchName[9]" classname="com.basistech.rosette.api.RosetteAPITest" time="0.023"/>
  <testcase name="testGetSentiment[9]" classname="com.basistech.rosette.api.RosetteAPITest" time="0.025"/>
  <testcase name="testGetCategoriesURL[9]" classname="com.basistech.rosette.api.RosetteAPITest" time="0.027"/>
  <testcase name="testGetSentimentURL[10]" classname="com.basistech.rosette.api.RosetteAPITest" time="0.021"/>
  <testcase name="testIgnoredUnknownField[10]" classname="com.basistech.rosette.api.RosetteAPITest" time="0.025"/>
  <testcase name="testTranslateName[10]" classname="com.basistech.rosette.api.RosetteAPITest" time="0.018"/>
  <testcase name="testGetRelationships[10]" classname="com.basistech.rosette.api.RosetteAPITest" time="0.033"/>
  <testcase name="testGetCategories[10]" classname="com.basistech.rosette.api.RosetteAPITest" time="0.023"/>
  <testcase name="testGetSyntaxDependencies[10]" classname="com.basistech.rosette.api.RosetteAPITest" time="0.017"/>
  <testcase name="testGetRelationshipsURL[10]" classname="com.basistech.rosette.api.RosetteAPITest" time="0.018"/>
  <testcase name="testGetMorphologyDoc[10]" classname="com.basistech.rosette.api.RosetteAPITest" time="0.019"/>
  <testcase name="testGetMorphologyURL[10]" classname="com.basistech.rosette.api.RosetteAPITest" time="0.037"/>
  <testcase name="testGetSyntaxDependenciesURL[10]" classname="com.basistech.rosette.api.RosetteAPITest" time="0.02"/>
  <testcase name="testNonIgnoredUnknownField[10]" classname="com.basistech.rosette.api.RosetteAPITest" time="0.024"/>
  <testcase name="testGetEntityDoc[10]" classname="com.basistech.rosette.api.RosetteAPITest" time="0.032"/>
  <testcase name="testGetEntityURL[10]" classname="com.basistech.rosette.api.RosetteAPITest" time="0.019"/>
  <testcase name="testNameDeduplication[10]" classname="com.basistech.rosette.api.RosetteAPITest" time="0.018"/>
  <testcase name="testGetLanguageDoc[10]" classname="com.basistech.rosette.api.RosetteAPITest" time="0.018"/>
  <testcase name="testGetLanguageURL[10]" classname="com.basistech.rosette.api.RosetteAPITest" time="0.019"/>
  <testcase name="testMatchName[10]" classname="com.basistech.rosette.api.RosetteAPITest" time="0.019"/>
  <testcase name="testGetSentiment[10]" classname="com.basistech.rosette.api.RosetteAPITest" time="0.019"/>
  <testcase name="testGetCategoriesURL[10]" classname="com.basistech.rosette.api.RosetteAPITest" time="0.02"/>
  <testcase name="testGetSentimentURL[11]" classname="com.basistech.rosette.api.RosetteAPITest" time="0.028"/>
  <testcase name="testIgnoredUnknownField[11]" classname="com.basistech.rosette.api.RosetteAPITest" time="0.017"/>
  <testcase name="testTranslateName[11]" classname="com.basistech.rosette.api.RosetteAPITest" time="0.02"/>
  <testcase name="testGetRelationships[11]" classname="com.basistech.rosette.api.RosetteAPITest" time="0.025"/>
  <testcase name="testGetCategories[11]" classname="com.basistech.rosette.api.RosetteAPITest" time="0.018"/>
  <testcase name="testGetSyntaxDependencies[11]" classname="com.basistech.rosette.api.RosetteAPITest" time="0.019"/>
  <testcase name="testGetRelationshipsURL[11]" classname="com.basistech.rosette.api.RosetteAPITest" time="0.028"/>
  <testcase name="testGetMorphologyDoc[11]" classname="com.basistech.rosette.api.RosetteAPITest" time="0.034"/>
  <testcase name="testGetMorphologyURL[11]" classname="com.basistech.rosette.api.RosetteAPITest" time="0.019"/>
  <testcase name="testGetSyntaxDependenciesURL[11]" classname="com.basistech.rosette.api.RosetteAPITest" time="0.019"/>
  <testcase name="testNonIgnoredUnknownField[11]" classname="com.basistech.rosette.api.RosetteAPITest" time="0.02"/>
  <testcase name="testGetEntityDoc[11]" classname="com.basistech.rosette.api.RosetteAPITest" time="0.017"/>
  <testcase name="testGetEntityURL[11]" classname="com.basistech.rosette.api.RosetteAPITest" time="0.021"/>
  <testcase name="testNameDeduplication[11]" classname="com.basistech.rosette.api.RosetteAPITest" time="0.018"/>
  <testcase name="testGetLanguageDoc[11]" classname="com.basistech.rosette.api.RosetteAPITest" time="0.038"/>
  <testcase name="testGetLanguageURL[11]" classname="com.basistech.rosette.api.RosetteAPITest" time="0.019"/>
  <testcase name="testMatchName[11]" classname="com.basistech.rosette.api.RosetteAPITest" time="0.02"/>
  <testcase name="testGetSentiment[11]" classname="com.basistech.rosette.api.RosetteAPITest" time="0.017"/>
  <testcase name="testGetCategoriesURL[11]" classname="com.basistech.rosette.api.RosetteAPITest" time="0.019"/>
  <testcase name="testGetSentimentURL[12]" classname="com.basistech.rosette.api.RosetteAPITest" time="0.028"/>
  <testcase name="testIgnoredUnknownField[12]" classname="com.basistech.rosette.api.RosetteAPITest" time="0.016"/>
  <testcase name="testTranslateName[12]" classname="com.basistech.rosette.api.RosetteAPITest" time="0.017"/>
  <testcase name="testGetRelationships[12]" classname="com.basistech.rosette.api.RosetteAPITest" time="0.017"/>
  <testcase name="testGetCategories[12]" classname="com.basistech.rosette.api.RosetteAPITest" time="0.017"/>
  <testcase name="testGetSyntaxDependencies[12]" classname="com.basistech.rosette.api.RosetteAPITest" time="0.021"/>
  <testcase name="testGetRelationshipsURL[12]" classname="com.basistech.rosette.api.RosetteAPITest" time="0.019"/>
  <testcase name="testGetMorphologyDoc[12]" classname="com.basistech.rosette.api.RosetteAPITest" time="0.017"/>
  <testcase name="testGetMorphologyURL[12]" classname="com.basistech.rosette.api.RosetteAPITest" time="0.018"/>
  <testcase name="testGetSyntaxDependenciesURL[12]" classname="com.basistech.rosette.api.RosetteAPITest" time="0.017"/>
  <testcase name="testNonIgnoredUnknownField[12]" classname="com.basistech.rosette.api.RosetteAPITest" time="0.018"/>
  <testcase name="testGetEntityDoc[12]" classname="com.basistech.rosette.api.RosetteAPITest" time="0.018"/>
  <testcase name="testGetEntityURL[12]" classname="com.basistech.rosette.api.RosetteAPITest" time="0.018"/>
  <testcase name="testNameDeduplication[12]" classname="com.basistech.rosette.api.RosetteAPITest" time="0.017"/>
  <testcase name="testGetLanguageDoc[12]" classname="com.basistech.rosette.api.RosetteAPITest" time="0.018"/>
  <testcase name="testGetLanguageURL[12]" classname="com.basistech.rosette.api.RosetteAPITest" time="0.023"/>
  <testcase name="testMatchName[12]" classname="com.basistech.rosette.api.RosetteAPITest" time="0.019"/>
  <testcase name="testGetSentiment[12]" classname="com.basistech.rosette.api.RosetteAPITest" time="0.017"/>
  <testcase name="testGetCategoriesURL[12]" classname="com.basistech.rosette.api.RosetteAPITest" time="0.022"/>
  <testcase name="testGetSentimentURL[13]" classname="com.basistech.rosette.api.RosetteAPITest" time="0.026"/>
  <testcase name="testIgnoredUnknownField[13]" classname="com.basistech.rosette.api.RosetteAPITest" time="0.016"/>
  <testcase name="testTranslateName[13]" classname="com.basistech.rosette.api.RosetteAPITest" time="0.026"/>
  <testcase name="testGetRelationships[13]" classname="com.basistech.rosette.api.RosetteAPITest" time="0.021"/>
  <testcase name="testGetCategories[13]" classname="com.basistech.rosette.api.RosetteAPITest" time="0.02"/>
  <testcase name="testGetSyntaxDependencies[13]" classname="com.basistech.rosette.api.RosetteAPITest" time="0.02"/>
  <testcase name="testGetRelationshipsURL[13]" classname="com.basistech.rosette.api.RosetteAPITest" time="0.024"/>
  <testcase name="testGetMorphologyDoc[13]" classname="com.basistech.rosette.api.RosetteAPITest" time="0.016"/>
  <testcase name="testGetMorphologyURL[13]" classname="com.basistech.rosette.api.RosetteAPITest" time="0.037"/>
  <testcase name="testGetSyntaxDependenciesURL[13]" classname="com.basistech.rosette.api.RosetteAPITest" time="0.02"/>
  <testcase name="testNonIgnoredUnknownField[13]" classname="com.basistech.rosette.api.RosetteAPITest" time="0.017"/>
  <testcase name="testGetEntityDoc[13]" classname="com.basistech.rosette.api.RosetteAPITest" time="0.027"/>
  <testcase name="testGetEntityURL[13]" classname="com.basistech.rosette.api.RosetteAPITest" time="0.023"/>
  <testcase name="testNameDeduplication[13]" classname="com.basistech.rosette.api.RosetteAPITest" time="0.031"/>
  <testcase name="testGetLanguageDoc[13]" classname="com.basistech.rosette.api.RosetteAPITest" time="0.03"/>
  <testcase name="testGetLanguageURL[13]" classname="com.basistech.rosette.api.RosetteAPITest" time="0.016"/>
  <testcase name="testMatchName[13]" classname="com.basistech.rosette.api.RosetteAPITest" time="0.018"/>
  <testcase name="testGetSentiment[13]" classname="com.basistech.rosette.api.RosetteAPITest" time="0.021"/>
  <testcase name="testGetCategoriesURL[13]" classname="com.basistech.rosette.api.RosetteAPITest" time="0.03"/>
  <testcase name="testGetSentimentURL[14]" classname="com.basistech.rosette.api.RosetteAPITest" time="0.035"/>
  <testcase name="testIgnoredUnknownField[14]" classname="com.basistech.rosette.api.RosetteAPITest" time="0.024"/>
  <testcase name="testTranslateName[14]" classname="com.basistech.rosette.api.RosetteAPITest" time="0.025"/>
  <testcase name="testGetRelationships[14]" classname="com.basistech.rosette.api.RosetteAPITest" time="0.017"/>
  <testcase name="testGetCategories[14]" classname="com.basistech.rosette.api.RosetteAPITest" time="0.021"/>
  <testcase name="testGetSyntaxDependencies[14]" classname="com.basistech.rosette.api.RosetteAPITest" time="0.018"/>
  <testcase name="testGetRelationshipsURL[14]" classname="com.basistech.rosette.api.RosetteAPITest" time="0.015"/>
  <testcase name="testGetMorphologyDoc[14]" classname="com.basistech.rosette.api.RosetteAPITest" time="0.017"/>
  <testcase name="testGetMorphologyURL[14]" classname="com.basistech.rosette.api.RosetteAPITest" time="0.016"/>
  <testcase name="testGetSyntaxDependenciesURL[14]" classname="com.basistech.rosette.api.RosetteAPITest" time="0.017"/>
  <testcase name="testNonIgnoredUnknownField[14]" classname="com.basistech.rosette.api.RosetteAPITest" time="0.018"/>
  <testcase name="testGetEntityDoc[14]" classname="com.basistech.rosette.api.RosetteAPITest" time="0.024"/>
  <testcase name="testGetEntityURL[14]" classname="com.basistech.rosette.api.RosetteAPITest" time="0.017"/>
  <testcase name="testNameDeduplication[14]" classname="com.basistech.rosette.api.RosetteAPITest" time="0.017"/>
  <testcase name="testGetLanguageDoc[14]" classname="com.basistech.rosette.api.RosetteAPITest" time="0.02"/>
  <testcase name="testGetLanguageURL[14]" classname="com.basistech.rosette.api.RosetteAPITest" time="0.018"/>
  <testcase name="testMatchName[14]" classname="com.basistech.rosette.api.RosetteAPITest" time="0.031"/>
  <testcase name="testGetSentiment[14]" classname="com.basistech.rosette.api.RosetteAPITest" time="0.024"/>
  <testcase name="testGetCategoriesURL[14]" classname="com.basistech.rosette.api.RosetteAPITest" time="0.027"/>
  <testcase name="testGetSentimentURL[15]" classname="com.basistech.rosette.api.RosetteAPITest" time="0.018"/>
  <testcase name="testIgnoredUnknownField[15]" classname="com.basistech.rosette.api.RosetteAPITest" time="0.024"/>
  <testcase name="testTranslateName[15]" classname="com.basistech.rosette.api.RosetteAPITest" time="0.035"/>
  <testcase name="testGetRelationships[15]" classname="com.basistech.rosette.api.RosetteAPITest" time="0.019"/>
  <testcase name="testGetCategories[15]" classname="com.basistech.rosette.api.RosetteAPITest" time="0.021"/>
  <testcase name="testGetSyntaxDependencies[15]" classname="com.basistech.rosette.api.RosetteAPITest" time="0.017"/>
  <testcase name="testGetRelationshipsURL[15]" classname="com.basistech.rosette.api.RosetteAPITest" time="0.03"/>
  <testcase name="testGetMorphologyDoc[15]" classname="com.basistech.rosette.api.RosetteAPITest" time="0.024"/>
  <testcase name="testGetMorphologyURL[15]" classname="com.basistech.rosette.api.RosetteAPITest" time="0.018"/>
  <testcase name="testGetSyntaxDependenciesURL[15]" classname="com.basistech.rosette.api.RosetteAPITest" time="0.017"/>
  <testcase name="testNonIgnoredUnknownField[15]" classname="com.basistech.rosette.api.RosetteAPITest" time="0.03"/>
  <testcase name="testGetEntityDoc[15]" classname="com.basistech.rosette.api.RosetteAPITest" time="0.025"/>
  <testcase name="testGetEntityURL[15]" classname="com.basistech.rosette.api.RosetteAPITest" time="0.03"/>
  <testcase name="testNameDeduplication[15]" classname="com.basistech.rosette.api.RosetteAPITest" time="0.017"/>
  <testcase name="testGetLanguageDoc[15]" classname="com.basistech.rosette.api.RosetteAPITest" time="0.017"/>
  <testcase name="testGetLanguageURL[15]" classname="com.basistech.rosette.api.RosetteAPITest" time="0.018"/>
  <testcase name="testMatchName[15]" classname="com.basistech.rosette.api.RosetteAPITest" time="0.018"/>
  <testcase name="testGetSentiment[15]" classname="com.basistech.rosette.api.RosetteAPITest" time="0.026"/>
  <testcase name="testGetCategoriesURL[15]" classname="com.basistech.rosette.api.RosetteAPITest" time="0.019"/>
  <testcase name="testGetSentimentURL[16]" classname="com.basistech.rosette.api.RosetteAPITest" time="0.017"/>
  <testcase name="testIgnoredUnknownField[16]" classname="com.basistech.rosette.api.RosetteAPITest" time="0.016"/>
  <testcase name="testTranslateName[16]" classname="com.basistech.rosette.api.RosetteAPITest" time="0.016"/>
  <testcase name="testGetRelationships[16]" classname="com.basistech.rosette.api.RosetteAPITest" time="0.016"/>
  <testcase name="testGetCategories[16]" classname="com.basistech.rosette.api.RosetteAPITest" time="0.016"/>
  <testcase name="testGetSyntaxDependencies[16]" classname="com.basistech.rosette.api.RosetteAPITest" time="0.033"/>
  <testcase name="testGetRelationshipsURL[16]" classname="com.basistech.rosette.api.RosetteAPITest" time="0.018"/>
  <testcase name="testGetMorphologyDoc[16]" classname="com.basistech.rosette.api.RosetteAPITest" time="0.016"/>
  <testcase name="testGetMorphologyURL[16]" classname="com.basistech.rosette.api.RosetteAPITest" time="0.016"/>
  <testcase name="testGetSyntaxDependenciesURL[16]" classname="com.basistech.rosette.api.RosetteAPITest" time="0.016"/>
  <testcase name="testNonIgnoredUnknownField[16]" classname="com.basistech.rosette.api.RosetteAPITest" time="0.018"/>
  <testcase name="testGetEntityDoc[16]" classname="com.basistech.rosette.api.RosetteAPITest" time="0.019"/>
  <testcase name="testGetEntityURL[16]" classname="com.basistech.rosette.api.RosetteAPITest" time="0.025"/>
  <testcase name="testNameDeduplication[16]" classname="com.basistech.rosette.api.RosetteAPITest" time="0.023"/>
  <testcase name="testGetLanguageDoc[16]" classname="com.basistech.rosette.api.RosetteAPITest" time="0.034"/>
  <testcase name="testGetLanguageURL[16]" classname="com.basistech.rosette.api.RosetteAPITest" time="0.022"/>
  <testcase name="testMatchName[16]" classname="com.basistech.rosette.api.RosetteAPITest" time="0.017"/>
  <testcase name="testGetSentiment[16]" classname="com.basistech.rosette.api.RosetteAPITest" time="0.025"/>
  <testcase name="testGetCategoriesURL[16]" classname="com.basistech.rosette.api.RosetteAPITest" time="0.029"/>
  <testcase name="testGetSentimentURL[17]" classname="com.basistech.rosette.api.RosetteAPITest" time="0.017"/>
  <testcase name="testIgnoredUnknownField[17]" classname="com.basistech.rosette.api.RosetteAPITest" time="0.017"/>
  <testcase name="testTranslateName[17]" classname="com.basistech.rosette.api.RosetteAPITest" time="0.032"/>
  <testcase name="testGetRelationships[17]" classname="com.basistech.rosette.api.RosetteAPITest" time="0.018"/>
  <testcase name="testGetCategories[17]" classname="com.basistech.rosette.api.RosetteAPITest" time="0.032"/>
  <testcase name="testGetSyntaxDependencies[17]" classname="com.basistech.rosette.api.RosetteAPITest" time="0.016"/>
  <testcase name="testGetRelationshipsURL[17]" classname="com.basistech.rosette.api.RosetteAPITest" time="0.034"/>
  <testcase name="testGetMorphologyDoc[17]" classname="com.basistech.rosette.api.RosetteAPITest" time="0.017"/>
  <testcase name="testGetMorphologyURL[17]" classname="com.basistech.rosette.api.RosetteAPITest" time="0.019"/>
  <testcase name="testGetSyntaxDependenciesURL[17]" classname="com.basistech.rosette.api.RosetteAPITest" time="0.018"/>
  <testcase name="testNonIgnoredUnknownField[17]" classname="com.basistech.rosette.api.RosetteAPITest" time="0.017"/>
  <testcase name="testGetEntityDoc[17]" classname="com.basistech.rosette.api.RosetteAPITest" time="0.037"/>
  <testcase name="testGetEntityURL[17]" classname="com.basistech.rosette.api.RosetteAPITest" time="0.021"/>
  <testcase name="testNameDeduplication[17]" classname="com.basistech.rosette.api.RosetteAPITest" time="0.025"/>
  <testcase name="testGetLanguageDoc[17]" classname="com.basistech.rosette.api.RosetteAPITest" time="0.016"/>
  <testcase name="testGetLanguageURL[17]" classname="com.basistech.rosette.api.RosetteAPITest" time="0.022"/>
  <testcase name="testMatchName[17]" classname="com.basistech.rosette.api.RosetteAPITest" time="0.048"/>
  <testcase name="testGetSentiment[17]" classname="com.basistech.rosette.api.RosetteAPITest" time="0.035"/>
  <testcase name="testGetCategoriesURL[17]" classname="com.basistech.rosette.api.RosetteAPITest" time="0.017"/>
  <testcase name="testGetSentimentURL[18]" classname="com.basistech.rosette.api.RosetteAPITest" time="0.023"/>
  <testcase name="testIgnoredUnknownField[18]" classname="com.basistech.rosette.api.RosetteAPITest" time="0.015"/>
  <testcase name="testTranslateName[18]" classname="com.basistech.rosette.api.RosetteAPITest" time="0.028"/>
  <testcase name="testGetRelationships[18]" classname="com.basistech.rosette.api.RosetteAPITest" time="0.017"/>
  <testcase name="testGetCategories[18]" classname="com.basistech.rosette.api.RosetteAPITest" time="0.017"/>
  <testcase name="testGetSyntaxDependencies[18]" classname="com.basistech.rosette.api.RosetteAPITest" time="0.017"/>
  <testcase name="testGetRelationshipsURL[18]" classname="com.basistech.rosette.api.RosetteAPITest" time="0.017"/>
  <testcase name="testGetMorphologyDoc[18]" classname="com.basistech.rosette.api.RosetteAPITest" time="0.017"/>
  <testcase name="testGetMorphologyURL[18]" classname="com.basistech.rosette.api.RosetteAPITest" time="0.026"/>
  <testcase name="testGetSyntaxDependenciesURL[18]" classname="com.basistech.rosette.api.RosetteAPITest" time="0.046"/>
  <testcase name="testNonIgnoredUnknownField[18]" classname="com.basistech.rosette.api.RosetteAPITest" time="0.017"/>
  <testcase name="testGetEntityDoc[18]" classname="com.basistech.rosette.api.RosetteAPITest" time="0.016"/>
  <testcase name="testGetEntityURL[18]" classname="com.basistech.rosette.api.RosetteAPITest" time="0.034"/>
  <testcase name="testNameDeduplication[18]" classname="com.basistech.rosette.api.RosetteAPITest" time="0.016"/>
  <testcase name="testGetLanguageDoc[18]" classname="com.basistech.rosette.api.RosetteAPITest" time="0.017"/>
  <testcase name="testGetLanguageURL[18]" classname="com.basistech.rosette.api.RosetteAPITest" time="0.017"/>
  <testcase name="testMatchName[18]" classname="com.basistech.rosette.api.RosetteAPITest" time="0.019"/>
  <testcase name="testGetSentiment[18]" classname="com.basistech.rosette.api.RosetteAPITest" time="0.016"/>
  <testcase name="testGetCategoriesURL[18]" classname="com.basistech.rosette.api.RosetteAPITest" time="0.016"/>
  <testcase name="testGetSentimentURL[19]" classname="com.basistech.rosette.api.RosetteAPITest" time="0.016"/>
  <testcase name="testIgnoredUnknownField[19]" classname="com.basistech.rosette.api.RosetteAPITest" time="0.017"/>
  <testcase name="testTranslateName[19]" classname="com.basistech.rosette.api.RosetteAPITest" time="0.018"/>
  <testcase name="testGetRelationships[19]" classname="com.basistech.rosette.api.RosetteAPITest" time="0.017"/>
  <testcase name="testGetCategories[19]" classname="com.basistech.rosette.api.RosetteAPITest" time="0.018"/>
  <testcase name="testGetSyntaxDependencies[19]" classname="com.basistech.rosette.api.RosetteAPITest" time="0.03"/>
  <testcase name="testGetRelationshipsURL[19]" classname="com.basistech.rosette.api.RosetteAPITest" time="0.016"/>
  <testcase name="testGetMorphologyDoc[19]" classname="com.basistech.rosette.api.RosetteAPITest" time="0.025"/>
  <testcase name="testGetMorphologyURL[19]" classname="com.basistech.rosette.api.RosetteAPITest" time="0.017"/>
  <testcase name="testGetSyntaxDependenciesURL[19]" classname="com.basistech.rosette.api.RosetteAPITest" time="0.019"/>
  <testcase name="testNonIgnoredUnknownField[19]" classname="com.basistech.rosette.api.RosetteAPITest" time="0.016"/>
  <testcase name="testGetEntityDoc[19]" classname="com.basistech.rosette.api.RosetteAPITest" time="0.023"/>
  <testcase name="testGetEntityURL[19]" classname="com.basistech.rosette.api.RosetteAPITest" time="0.018"/>
  <testcase name="testNameDeduplication[19]" classname="com.basistech.rosette.api.RosetteAPITest" time="0.016"/>
  <testcase name="testGetLanguageDoc[19]" classname="com.basistech.rosette.api.RosetteAPITest" time="0.016"/>
  <testcase name="testGetLanguageURL[19]" classname="com.basistech.rosette.api.RosetteAPITest" time="0.018"/>
  <testcase name="testMatchName[19]" classname="com.basistech.rosette.api.RosetteAPITest" time="0.017"/>
  <testcase name="testGetSentiment[19]" classname="com.basistech.rosette.api.RosetteAPITest" time="0.017"/>
  <testcase name="testGetCategoriesURL[19]" classname="com.basistech.rosette.api.RosetteAPITest" time="0.018"/>
  <testcase name="testGetSentimentURL[20]" classname="com.basistech.rosette.api.RosetteAPITest" time="0.025"/>
  <testcase name="testIgnoredUnknownField[20]" classname="com.basistech.rosette.api.RosetteAPITest" time="0.019"/>
  <testcase name="testTranslateName[20]" classname="com.basistech.rosette.api.RosetteAPITest" time="0.029"/>
  <testcase name="testGetRelationships[20]" classname="com.basistech.rosette.api.RosetteAPITest" time="0.02"/>
  <testcase name="testGetCategories[20]" classname="com.basistech.rosette.api.RosetteAPITest" time="0.019"/>
  <testcase name="testGetSyntaxDependencies[20]" classname="com.basistech.rosette.api.RosetteAPITest" time="0.011"/>
  <testcase name="testGetRelationshipsURL[20]" classname="com.basistech.rosette.api.RosetteAPITest" time="0.016"/>
  <testcase name="testGetMorphologyDoc[20]" classname="com.basistech.rosette.api.RosetteAPITest" time="0.019"/>
  <testcase name="testGetMorphologyURL[20]" classname="com.basistech.rosette.api.RosetteAPITest" time="0.016"/>
  <testcase name="testGetSyntaxDependenciesURL[20]" classname="com.basistech.rosette.api.RosetteAPITest" time="0.015"/>
  <testcase name="testNonIgnoredUnknownField[20]" classname="com.basistech.rosette.api.RosetteAPITest" time="0.016"/>
  <testcase name="testGetEntityDoc[20]" classname="com.basistech.rosette.api.RosetteAPITest" time="0.018"/>
  <testcase name="testGetEntityURL[20]" classname="com.basistech.rosette.api.RosetteAPITest" time="0.018"/>
  <testcase name="testNameDeduplication[20]" classname="com.basistech.rosette.api.RosetteAPITest" time="0.017"/>
  <testcase name="testGetLanguageDoc[20]" classname="com.basistech.rosette.api.RosetteAPITest" time="0.018"/>
  <testcase name="testGetLanguageURL[20]" classname="com.basistech.rosette.api.RosetteAPITest" time="0.018"/>
  <testcase name="testMatchName[20]" classname="com.basistech.rosette.api.RosetteAPITest" time="0.016"/>
  <testcase name="testGetSentiment[20]" classname="com.basistech.rosette.api.RosetteAPITest" time="0.029"/>
  <testcase name="testGetCategoriesURL[20]" classname="com.basistech.rosette.api.RosetteAPITest" time="0.026"/>
  <testcase name="testGetSentimentURL[21]" classname="com.basistech.rosette.api.RosetteAPITest" time="0.022"/>
  <testcase name="testIgnoredUnknownField[21]" classname="com.basistech.rosette.api.RosetteAPITest" time="0.019"/>
  <testcase name="testTranslateName[21]" classname="com.basistech.rosette.api.RosetteAPITest" time="0.02"/>
  <testcase name="testGetRelationships[21]" classname="com.basistech.rosette.api.RosetteAPITest" time="0.02"/>
  <testcase name="testGetCategories[21]" classname="com.basistech.rosette.api.RosetteAPITest" time="0.024"/>
  <testcase name="testGetSyntaxDependencies[21]" classname="com.basistech.rosette.api.RosetteAPITest" time="0.016"/>
  <testcase name="testGetRelationshipsURL[21]" classname="com.basistech.rosette.api.RosetteAPITest" time="0.028"/>
  <testcase name="testGetMorphologyDoc[21]" classname="com.basistech.rosette.api.RosetteAPITest" time="0.018"/>
  <testcase name="testGetMorphologyURL[21]" classname="com.basistech.rosette.api.RosetteAPITest" time="0.016"/>
  <testcase name="testGetSyntaxDependenciesURL[21]" classname="com.basistech.rosette.api.RosetteAPITest" time="0.016"/>
  <testcase name="testNonIgnoredUnknownField[21]" classname="com.basistech.rosette.api.RosetteAPITest" time="0.016"/>
  <testcase name="testGetEntityDoc[21]" classname="com.basistech.rosette.api.RosetteAPITest" time="0.022"/>
  <testcase name="testGetEntityURL[21]" classname="com.basistech.rosette.api.RosetteAPITest" time="0.035"/>
  <testcase name="testNameDeduplication[21]" classname="com.basistech.rosette.api.RosetteAPITest" time="0.016"/>
  <testcase name="testGetLanguageDoc[21]" classname="com.basistech.rosette.api.RosetteAPITest" time="0.023"/>
  <testcase name="testGetLanguageURL[21]" classname="com.basistech.rosette.api.RosetteAPITest" time="0.014"/>
  <testcase name="testMatchName[21]" classname="com.basistech.rosette.api.RosetteAPITest" time="0.023"/>
  <testcase name="testGetSentiment[21]" classname="com.basistech.rosette.api.RosetteAPITest" time="0.015"/>
  <testcase name="testGetCategoriesURL[21]" classname="com.basistech.rosette.api.RosetteAPITest" time="0.018"/>
  <testcase name="testGetSentimentURL[22]" classname="com.basistech.rosette.api.RosetteAPITest" time="0.017"/>
  <testcase name="testIgnoredUnknownField[22]" classname="com.basistech.rosette.api.RosetteAPITest" time="0.015"/>
  <testcase name="testTranslateName[22]" classname="com.basistech.rosette.api.RosetteAPITest" time="0.016"/>
  <testcase name="testGetRelationships[22]" classname="com.basistech.rosette.api.RosetteAPITest" time="0.018"/>
  <testcase name="testGetCategories[22]" classname="com.basistech.rosette.api.RosetteAPITest" time="0.022"/>
  <testcase name="testGetSyntaxDependencies[22]" classname="com.basistech.rosette.api.RosetteAPITest" time="0.028"/>
  <testcase name="testGetRelationshipsURL[22]" classname="com.basistech.rosette.api.RosetteAPITest" time="0.016"/>
  <testcase name="testGetMorphologyDoc[22]" classname="com.basistech.rosette.api.RosetteAPITest" time="0.015"/>
  <testcase name="testGetMorphologyURL[22]" classname="com.basistech.rosette.api.RosetteAPITest" time="0.015"/>
  <testcase name="testGetSyntaxDependenciesURL[22]" classname="com.basistech.rosette.api.RosetteAPITest" time="0.017"/>
  <testcase name="testNonIgnoredUnknownField[22]" classname="com.basistech.rosette.api.RosetteAPITest" time="0.015"/>
  <testcase name="testGetEntityDoc[22]" classname="com.basistech.rosette.api.RosetteAPITest" time="0.017"/>
  <testcase name="testGetEntityURL[22]" classname="com.basistech.rosette.api.RosetteAPITest" time="0.021"/>
  <testcase name="testNameDeduplication[22]" classname="com.basistech.rosette.api.RosetteAPITest" time="0.023"/>
  <testcase name="testGetLanguageDoc[22]" classname="com.basistech.rosette.api.RosetteAPITest" time="0.017"/>
  <testcase name="testGetLanguageURL[22]" classname="com.basistech.rosette.api.RosetteAPITest" time="0.016"/>
  <testcase name="testMatchName[22]" classname="com.basistech.rosette.api.RosetteAPITest" time="0.038"/>
  <testcase name="testGetSentiment[22]" classname="com.basistech.rosette.api.RosetteAPITest" time="0.015"/>
  <testcase name="testGetCategoriesURL[22]" classname="com.basistech.rosette.api.RosetteAPITest" time="0.017"/>
  <testcase name="testGetSentimentURL[23]" classname="com.basistech.rosette.api.RosetteAPITest" time="0.016"/>
  <testcase name="testIgnoredUnknownField[23]" classname="com.basistech.rosette.api.RosetteAPITest" time="0.017"/>
  <testcase name="testTranslateName[23]" classname="com.basistech.rosette.api.RosetteAPITest" time="0.016"/>
  <testcase name="testGetRelationships[23]" classname="com.basistech.rosette.api.RosetteAPITest" time="0.019"/>
  <testcase name="testGetCategories[23]" classname="com.basistech.rosette.api.RosetteAPITest" time="0.017"/>
  <testcase name="testGetSyntaxDependencies[23]" classname="com.basistech.rosette.api.RosetteAPITest" time="0.028"/>
  <testcase name="testGetRelationshipsURL[23]" classname="com.basistech.rosette.api.RosetteAPITest" time="0.016"/>
  <testcase name="testGetMorphologyDoc[23]" classname="com.basistech.rosette.api.RosetteAPITest" time="0.019"/>
  <testcase name="testGetMorphologyURL[23]" classname="com.basistech.rosette.api.RosetteAPITest" time="0.018"/>
  <testcase name="testGetSyntaxDependenciesURL[23]" classname="com.basistech.rosette.api.RosetteAPITest" time="0.017"/>
  <testcase name="testNonIgnoredUnknownField[23]" classname="com.basistech.rosette.api.RosetteAPITest" time="0.016"/>
  <testcase name="testGetEntityDoc[23]" classname="com.basistech.rosette.api.RosetteAPITest" time="0.022"/>
  <testcase name="testGetEntityURL[23]" classname="com.basistech.rosette.api.RosetteAPITest" time="0.021"/>
  <testcase name="testNameDeduplication[23]" classname="com.basistech.rosette.api.RosetteAPITest" time="0.019"/>
  <testcase name="testGetLanguageDoc[23]" classname="com.basistech.rosette.api.RosetteAPITest" time="0.037"/>
  <testcase name="testGetLanguageURL[23]" classname="com.basistech.rosette.api.RosetteAPITest" time="0.015"/>
  <testcase name="testMatchName[23]" classname="com.basistech.rosette.api.RosetteAPITest" time="0.022"/>
  <testcase name="testGetSentiment[23]" classname="com.basistech.rosette.api.RosetteAPITest" time="0.015"/>
  <testcase name="testGetCategoriesURL[23]" classname="com.basistech.rosette.api.RosetteAPITest" time="0.015"/>
  <testcase name="testGetSentimentURL[24]" classname="com.basistech.rosette.api.RosetteAPITest" time="0.016"/>
  <testcase name="testIgnoredUnknownField[24]" classname="com.basistech.rosette.api.RosetteAPITest" time="0.026"/>
  <testcase name="testTranslateName[24]" classname="com.basistech.rosette.api.RosetteAPITest" time="0.017"/>
  <testcase name="testGetRelationships[24]" classname="com.basistech.rosette.api.RosetteAPITest" time="0.016"/>
  <testcase name="testGetCategories[24]" classname="com.basistech.rosette.api.RosetteAPITest" time="0.02"/>
  <testcase name="testGetSyntaxDependencies[24]" classname="com.basistech.rosette.api.RosetteAPITest" time="0.054"/>
  <testcase name="testGetRelationshipsURL[24]" classname="com.basistech.rosette.api.RosetteAPITest" time="0.015"/>
  <testcase name="testGetMorphologyDoc[24]" classname="com.basistech.rosette.api.RosetteAPITest" time="0.029"/>
  <testcase name="testGetMorphologyURL[24]" classname="com.basistech.rosette.api.RosetteAPITest" time="0.017"/>
  <testcase name="testGetSyntaxDependenciesURL[24]" classname="com.basistech.rosette.api.RosetteAPITest" time="0.032"/>
  <testcase name="testNonIgnoredUnknownField[24]" classname="com.basistech.rosette.api.RosetteAPITest" time="0.017"/>
  <testcase name="testGetEntityDoc[24]" classname="com.basistech.rosette.api.RosetteAPITest" time="0.018"/>
  <testcase name="testGetEntityURL[24]" classname="com.basistech.rosette.api.RosetteAPITest" time="0.017"/>
  <testcase name="testNameDeduplication[24]" classname="com.basistech.rosette.api.RosetteAPITest" time="0.018"/>
  <testcase name="testGetLanguageDoc[24]" classname="com.basistech.rosette.api.RosetteAPITest" time="0.044"/>
  <testcase name="testGetLanguageURL[24]" classname="com.basistech.rosette.api.RosetteAPITest" time="0.029"/>
  <testcase name="testMatchName[24]" classname="com.basistech.rosette.api.RosetteAPITest" time="0.015"/>
  <testcase name="testGetSentiment[24]" classname="com.basistech.rosette.api.RosetteAPITest" time="0.029"/>
  <testcase name="testGetCategoriesURL[24]" classname="com.basistech.rosette.api.RosetteAPITest" time="0.015"/>
  <testcase name="testGetSentimentURL[25]" classname="com.basistech.rosette.api.RosetteAPITest" time="0.023"/>
  <testcase name="testIgnoredUnknownField[25]" classname="com.basistech.rosette.api.RosetteAPITest" time="0.016"/>
  <testcase name="testTranslateName[25]" classname="com.basistech.rosette.api.RosetteAPITest" time="0.016"/>
  <testcase name="testGetRelationships[25]" classname="com.basistech.rosette.api.RosetteAPITest" time="0.016"/>
  <testcase name="testGetCategories[25]" classname="com.basistech.rosette.api.RosetteAPITest" time="0.041"/>
  <testcase name="testGetSyntaxDependencies[25]" classname="com.basistech.rosette.api.RosetteAPITest" time="0.017"/>
  <testcase name="testGetRelationshipsURL[25]" classname="com.basistech.rosette.api.RosetteAPITest" time="0.018"/>
  <testcase name="testGetMorphologyDoc[25]" classname="com.basistech.rosette.api.RosetteAPITest" time="0.03"/>
  <testcase name="testGetMorphologyURL[25]" classname="com.basistech.rosette.api.RosetteAPITest" time="0.016"/>
  <testcase name="testGetSyntaxDependenciesURL[25]" classname="com.basistech.rosette.api.RosetteAPITest" time="0.016"/>
  <testcase name="testNonIgnoredUnknownField[25]" classname="com.basistech.rosette.api.RosetteAPITest" time="0.015"/>
  <testcase name="testGetEntityDoc[25]" classname="com.basistech.rosette.api.RosetteAPITest" time="0.03"/>
  <testcase name="testGetEntityURL[25]" classname="com.basistech.rosette.api.RosetteAPITest" time="0.039"/>
  <testcase name="testNameDeduplication[25]" classname="com.basistech.rosette.api.RosetteAPITest" time="0.017"/>
  <testcase name="testGetLanguageDoc[25]" classname="com.basistech.rosette.api.RosetteAPITest" time="0.023"/>
  <testcase name="testGetLanguageURL[25]" classname="com.basistech.rosette.api.RosetteAPITest" time="0.027"/>
  <testcase name="testMatchName[25]" classname="com.basistech.rosette.api.RosetteAPITest" time="0.015"/>
  <testcase name="testGetSentiment[25]" classname="com.basistech.rosette.api.RosetteAPITest" time="0.016"/>
  <testcase name="testGetCategoriesURL[25]" classname="com.basistech.rosette.api.RosetteAPITest" time="0.021"/>
  <testcase name="testGetSentimentURL[26]" classname="com.basistech.rosette.api.RosetteAPITest" time="0.016"/>
  <testcase name="testIgnoredUnknownField[26]" classname="com.basistech.rosette.api.RosetteAPITest" time="0.015"/>
  <testcase name="testTranslateName[26]" classname="com.basistech.rosette.api.RosetteAPITest" time="0.03"/>
  <testcase name="testGetRelationships[26]" classname="com.basistech.rosette.api.RosetteAPITest" time="0.016"/>
  <testcase name="testGetCategories[26]" classname="com.basistech.rosette.api.RosetteAPITest" time="0.017"/>
  <testcase name="testGetSyntaxDependencies[26]" classname="com.basistech.rosette.api.RosetteAPITest" time="0.024"/>
  <testcase name="testGetRelationshipsURL[26]" classname="com.basistech.rosette.api.RosetteAPITest" time="0.025"/>
  <testcase name="testGetMorphologyDoc[26]" classname="com.basistech.rosette.api.RosetteAPITest" time="0.016"/>
  <testcase name="testGetMorphologyURL[26]" classname="com.basistech.rosette.api.RosetteAPITest" time="0.015"/>
  <testcase name="testGetSyntaxDependenciesURL[26]" classname="com.basistech.rosette.api.RosetteAPITest" time="0.015"/>
  <testcase name="testNonIgnoredUnknownField[26]" classname="com.basistech.rosette.api.RosetteAPITest" time="0.023"/>
  <testcase name="testGetEntityDoc[26]" classname="com.basistech.rosette.api.RosetteAPITest" time="0.014"/>
  <testcase name="testGetEntityURL[26]" classname="com.basistech.rosette.api.RosetteAPITest" time="0.016"/>
  <testcase name="testNameDeduplication[26]" classname="com.basistech.rosette.api.RosetteAPITest" time="0.024"/>
  <testcase name="testGetLanguageDoc[26]" classname="com.basistech.rosette.api.RosetteAPITest" time="0.016"/>
  <testcase name="testGetLanguageURL[26]" classname="com.basistech.rosette.api.RosetteAPITest" time="0.027"/>
  <testcase name="testMatchName[26]" classname="com.basistech.rosette.api.RosetteAPITest" time="0.022"/>
  <testcase name="testGetSentiment[26]" classname="com.basistech.rosette.api.RosetteAPITest" time="0.027"/>
  <testcase name="testGetCategoriesURL[26]" classname="com.basistech.rosette.api.RosetteAPITest" time="0.017"/>
  <testcase name="testGetSentimentURL[27]" classname="com.basistech.rosette.api.RosetteAPITest" time="0.015"/>
  <testcase name="testIgnoredUnknownField[27]" classname="com.basistech.rosette.api.RosetteAPITest" time="0.017"/>
  <testcase name="testTranslateName[27]" classname="com.basistech.rosette.api.RosetteAPITest" time="0.018"/>
  <testcase name="testGetRelationships[27]" classname="com.basistech.rosette.api.RosetteAPITest" time="0.015"/>
  <testcase name="testGetCategories[27]" classname="com.basistech.rosette.api.RosetteAPITest" time="0.016"/>
  <testcase name="testGetSyntaxDependencies[27]" classname="com.basistech.rosette.api.RosetteAPITest" time="0.034"/>
  <testcase name="testGetRelationshipsURL[27]" classname="com.basistech.rosette.api.RosetteAPITest" time="0.017"/>
  <testcase name="testGetMorphologyDoc[27]" classname="com.basistech.rosette.api.RosetteAPITest" time="0.015"/>
  <testcase name="testGetMorphologyURL[27]" classname="com.basistech.rosette.api.RosetteAPITest" time="0.015"/>
  <testcase name="testGetSyntaxDependenciesURL[27]" classname="com.basistech.rosette.api.RosetteAPITest" time="0.017"/>
  <testcase name="testNonIgnoredUnknownField[27]" classname="com.basistech.rosette.api.RosetteAPITest" time="0.015"/>
  <testcase name="testGetEntityDoc[27]" classname="com.basistech.rosette.api.RosetteAPITest" time="0.015"/>
  <testcase name="testGetEntityURL[27]" classname="com.basistech.rosette.api.RosetteAPITest" time="0.016"/>
  <testcase name="testNameDeduplication[27]" classname="com.basistech.rosette.api.RosetteAPITest" time="0.016"/>
  <testcase name="testGetLanguageDoc[27]" classname="com.basistech.rosette.api.RosetteAPITest" time="0.02"/>
  <testcase name="testGetLanguageURL[27]" classname="com.basistech.rosette.api.RosetteAPITest" time="0.017"/>
  <testcase name="testMatchName[27]" classname="com.basistech.rosette.api.RosetteAPITest" time="0.023"/>
  <testcase name="testGetSentiment[27]" classname="com.basistech.rosette.api.RosetteAPITest" time="0.018"/>
  <testcase name="testGetCategoriesURL[27]" classname="com.basistech.rosette.api.RosetteAPITest" time="0.016"/>
  <testcase name="testGetSentimentURL[28]" classname="com.basistech.rosette.api.RosetteAPITest" time="0.027"/>
  <testcase name="testIgnoredUnknownField[28]" classname="com.basistech.rosette.api.RosetteAPITest" time="0.016"/>
  <testcase name="testTranslateName[28]" classname="com.basistech.rosette.api.RosetteAPITest" time="0.016"/>
  <testcase name="testGetRelationships[28]" classname="com.basistech.rosette.api.RosetteAPITest" time="0.015"/>
  <testcase name="testGetCategories[28]" classname="com.basistech.rosette.api.RosetteAPITest" time="0.022"/>
  <testcase name="testGetSyntaxDependencies[28]" classname="com.basistech.rosette.api.RosetteAPITest" time="0.018"/>
  <testcase name="testGetRelationshipsURL[28]" classname="com.basistech.rosette.api.RosetteAPITest" time="0.015"/>
  <testcase name="testGetMorphologyDoc[28]" classname="com.basistech.rosette.api.RosetteAPITest" time="0.028"/>
  <testcase name="testGetMorphologyURL[28]" classname="com.basistech.rosette.api.RosetteAPITest" time="0.026"/>
  <testcase name="testGetSyntaxDependenciesURL[28]" classname="com.basistech.rosette.api.RosetteAPITest" time="0.017"/>
  <testcase name="testNonIgnoredUnknownField[28]" classname="com.basistech.rosette.api.RosetteAPITest" time="0.015"/>
  <testcase name="testGetEntityDoc[28]" classname="com.basistech.rosette.api.RosetteAPITest" time="0.029"/>
  <testcase name="testGetEntityURL[28]" classname="com.basistech.rosette.api.RosetteAPITest" time="0.016"/>
  <testcase name="testNameDeduplication[28]" classname="com.basistech.rosette.api.RosetteAPITest" time="0.021"/>
  <testcase name="testGetLanguageDoc[28]" classname="com.basistech.rosette.api.RosetteAPITest" time="0.016"/>
  <testcase name="testGetLanguageURL[28]" classname="com.basistech.rosette.api.RosetteAPITest" time="0.015"/>
  <testcase name="testMatchName[28]" classname="com.basistech.rosette.api.RosetteAPITest" time="0.022"/>
  <testcase name="testGetSentiment[28]" classname="com.basistech.rosette.api.RosetteAPITest" time="0.039"/>
  <testcase name="testGetCategoriesURL[28]" classname="com.basistech.rosette.api.RosetteAPITest" time="0.017"/>
  <testcase name="testGetSentimentURL[29]" classname="com.basistech.rosette.api.RosetteAPITest" time="0.014"/>
  <testcase name="testIgnoredUnknownField[29]" classname="com.basistech.rosette.api.RosetteAPITest" time="0.018"/>
  <testcase name="testTranslateName[29]" classname="com.basistech.rosette.api.RosetteAPITest" time="0.015"/>
  <testcase name="testGetRelationships[29]" classname="com.basistech.rosette.api.RosetteAPITest" time="0.015"/>
  <testcase name="testGetCategories[29]" classname="com.basistech.rosette.api.RosetteAPITest" time="0.022"/>
  <testcase name="testGetSyntaxDependencies[29]" classname="com.basistech.rosette.api.RosetteAPITest" time="0.015"/>
  <testcase name="testGetRelationshipsURL[29]" classname="com.basistech.rosette.api.RosetteAPITest" time="0.015"/>
  <testcase name="testGetMorphologyDoc[29]" classname="com.basistech.rosette.api.RosetteAPITest" time="0.014"/>
  <testcase name="testGetMorphologyURL[29]" classname="com.basistech.rosette.api.RosetteAPITest" time="0.015"/>
  <testcase name="testGetSyntaxDependenciesURL[29]" classname="com.basistech.rosette.api.RosetteAPITest" time="0.015"/>
  <testcase name="testNonIgnoredUnknownField[29]" classname="com.basistech.rosette.api.RosetteAPITest" time="0.015"/>
  <testcase name="testGetEntityDoc[29]" classname="com.basistech.rosette.api.RosetteAPITest" time="0.014"/>
  <testcase name="testGetEntityURL[29]" classname="com.basistech.rosette.api.RosetteAPITest" time="0.015"/>
  <testcase name="testNameDeduplication[29]" classname="com.basistech.rosette.api.RosetteAPITest" time="0.016"/>
  <testcase name="testGetLanguageDoc[29]" classname="com.basistech.rosette.api.RosetteAPITest" time="0.014"/>
  <testcase name="testGetLanguageURL[29]" classname="com.basistech.rosette.api.RosetteAPITest" time="0.015"/>
  <testcase name="testMatchName[29]" classname="com.basistech.rosette.api.RosetteAPITest" time="0.014"/>
  <testcase name="testGetSentiment[29]" classname="com.basistech.rosette.api.RosetteAPITest" time="0.015"/>
  <testcase name="testGetCategoriesURL[29]" classname="com.basistech.rosette.api.RosetteAPITest" time="0.018"/>
  <testcase name="testGetSentimentURL[30]" classname="com.basistech.rosette.api.RosetteAPITest" time="0.014"/>
  <testcase name="testIgnoredUnknownField[30]" classname="com.basistech.rosette.api.RosetteAPITest" time="0.022"/>
  <testcase name="testTranslateName[30]" classname="com.basistech.rosette.api.RosetteAPITest" time="0.015"/>
  <testcase name="testGetRelationships[30]" classname="com.basistech.rosette.api.RosetteAPITest" time="0.015"/>
  <testcase name="testGetCategories[30]" classname="com.basistech.rosette.api.RosetteAPITest" time="0.014"/>
  <testcase name="testGetSyntaxDependencies[30]" classname="com.basistech.rosette.api.RosetteAPITest" time="0.015"/>
  <testcase name="testGetRelationshipsURL[30]" classname="com.basistech.rosette.api.RosetteAPITest" time="0.015"/>
  <testcase name="testGetMorphologyDoc[30]" classname="com.basistech.rosette.api.RosetteAPITest" time="0.017"/>
  <testcase name="testGetMorphologyURL[30]" classname="com.basistech.rosette.api.RosetteAPITest" time="0.015"/>
  <testcase name="testGetSyntaxDependenciesURL[30]" classname="com.basistech.rosette.api.RosetteAPITest" time="0.015"/>
  <testcase name="testNonIgnoredUnknownField[30]" classname="com.basistech.rosette.api.RosetteAPITest" time="0.021"/>
  <testcase name="testGetEntityDoc[30]" classname="com.basistech.rosette.api.RosetteAPITest" time="0.018"/>
  <testcase name="testGetEntityURL[30]" classname="com.basistech.rosette.api.RosetteAPITest" time="0.014"/>
  <testcase name="testNameDeduplication[30]" classname="com.basistech.rosette.api.RosetteAPITest" time="0.018"/>
  <testcase name="testGetLanguageDoc[30]" classname="com.basistech.rosette.api.RosetteAPITest" time="0.013"/>
  <testcase name="testGetLanguageURL[30]" classname="com.basistech.rosette.api.RosetteAPITest" time="0.018"/>
  <testcase name="testMatchName[30]" classname="com.basistech.rosette.api.RosetteAPITest" time="0.014"/>
  <testcase name="testGetSentiment[30]" classname="com.basistech.rosette.api.RosetteAPITest" time="0.021"/>
  <testcase name="testGetCategoriesURL[30]" classname="com.basistech.rosette.api.RosetteAPITest" time="0.015"/>
  <testcase name="testGetSentimentURL[31]" classname="com.basistech.rosette.api.RosetteAPITest" time="0.015"/>
  <testcase name="testIgnoredUnknownField[31]" classname="com.basistech.rosette.api.RosetteAPITest" time="0.016"/>
  <testcase name="testTranslateName[31]" classname="com.basistech.rosette.api.RosetteAPITest" time="0.018"/>
  <testcase name="testGetRelationships[31]" classname="com.basistech.rosette.api.RosetteAPITest" time="0.015"/>
  <testcase name="testGetCategories[31]" classname="com.basistech.rosette.api.RosetteAPITest" time="0.018"/>
  <testcase name="testGetSyntaxDependencies[31]" classname="com.basistech.rosette.api.RosetteAPITest" time="0.016"/>
  <testcase name="testGetRelationshipsURL[31]" classname="com.basistech.rosette.api.RosetteAPITest" time="0.014"/>
  <testcase name="testGetMorphologyDoc[31]" classname="com.basistech.rosette.api.RosetteAPITest" time="0.016"/>
  <testcase name="testGetMorphologyURL[31]" classname="com.basistech.rosette.api.RosetteAPITest" time="0.015"/>
  <testcase name="testGetSyntaxDependenciesURL[31]" classname="com.basistech.rosette.api.RosetteAPITest" time="0.02"/>
  <testcase name="testNonIgnoredUnknownField[31]" classname="com.basistech.rosette.api.RosetteAPITest" time="0.014"/>
  <testcase name="testGetEntityDoc[31]" classname="com.basistech.rosette.api.RosetteAPITest" time="0.016"/>
  <testcase name="testGetEntityURL[31]" classname="com.basistech.rosette.api.RosetteAPITest" time="0.015"/>
  <testcase name="testNameDeduplication[31]" classname="com.basistech.rosette.api.RosetteAPITest" time="0.015"/>
  <testcase name="testGetLanguageDoc[31]" classname="com.basistech.rosette.api.RosetteAPITest" time="0.014"/>
  <testcase name="testGetLanguageURL[31]" classname="com.basistech.rosette.api.RosetteAPITest" time="0.023"/>
  <testcase name="testMatchName[31]" classname="com.basistech.rosette.api.RosetteAPITest" time="0.014"/>
  <testcase name="testGetSentiment[31]" classname="com.basistech.rosette.api.RosetteAPITest" time="0.019"/>
  <testcase name="testGetCategoriesURL[31]" classname="com.basistech.rosette.api.RosetteAPITest" time="0.035"/>
  <testcase name="testGetSentimentURL[32]" classname="com.basistech.rosette.api.RosetteAPITest" time="0.021"/>
  <testcase name="testIgnoredUnknownField[32]" classname="com.basistech.rosette.api.RosetteAPITest" time="0.028"/>
  <testcase name="testTranslateName[32]" classname="com.basistech.rosette.api.RosetteAPITest" time="0.017"/>
  <testcase name="testGetRelationships[32]" classname="com.basistech.rosette.api.RosetteAPITest" time="0.013"/>
  <testcase name="testGetCategories[32]" classname="com.basistech.rosette.api.RosetteAPITest" time="0.015"/>
  <testcase name="testGetSyntaxDependencies[32]" classname="com.basistech.rosette.api.RosetteAPITest" time="0.014"/>
  <testcase name="testGetRelationshipsURL[32]" classname="com.basistech.rosette.api.RosetteAPITest" time="0.014"/>
  <testcase name="testGetMorphologyDoc[32]" classname="com.basistech.rosette.api.RosetteAPITest" time="0.014"/>
  <testcase name="testGetMorphologyURL[32]" classname="com.basistech.rosette.api.RosetteAPITest" time="0.021"/>
  <testcase name="testGetSyntaxDependenciesURL[32]" classname="com.basistech.rosette.api.RosetteAPITest" time="0.014"/>
  <testcase name="testNonIgnoredUnknownField[32]" classname="com.basistech.rosette.api.RosetteAPITest" time="0.014"/>
  <testcase name="testGetEntityDoc[32]" classname="com.basistech.rosette.api.RosetteAPITest" time="0.014"/>
  <testcase name="testGetEntityURL[32]" classname="com.basistech.rosette.api.RosetteAPITest" time="0.015"/>
  <testcase name="testNameDeduplication[32]" classname="com.basistech.rosette.api.RosetteAPITest" time="0.015"/>
  <testcase name="testGetLanguageDoc[32]" classname="com.basistech.rosette.api.RosetteAPITest" time="0.019"/>
  <testcase name="testGetLanguageURL[32]" classname="com.basistech.rosette.api.RosetteAPITest" time="0.014"/>
  <testcase name="testMatchName[32]" classname="com.basistech.rosette.api.RosetteAPITest" time="0.015"/>
  <testcase name="testGetSentiment[32]" classname="com.basistech.rosette.api.RosetteAPITest" time="0.014"/>
  <testcase name="testGetCategoriesURL[32]" classname="com.basistech.rosette.api.RosetteAPITest" time="0.015"/>
  <testcase name="testGetSentimentURL[33]" classname="com.basistech.rosette.api.RosetteAPITest" time="0.034"/>
  <testcase name="testIgnoredUnknownField[33]" classname="com.basistech.rosette.api.RosetteAPITest" time="0.017"/>
  <testcase name="testTranslateName[33]" classname="com.basistech.rosette.api.RosetteAPITest" time="0.021"/>
  <testcase name="testGetRelationships[33]" classname="com.basistech.rosette.api.RosetteAPITest" time="0.035"/>
  <testcase name="testGetCategories[33]" classname="com.basistech.rosette.api.RosetteAPITest" time="0.015"/>
  <testcase name="testGetSyntaxDependencies[33]" classname="com.basistech.rosette.api.RosetteAPITest" time="0.02"/>
  <testcase name="testGetRelationshipsURL[33]" classname="com.basistech.rosette.api.RosetteAPITest" time="0.015"/>
  <testcase name="testGetMorphologyDoc[33]" classname="com.basistech.rosette.api.RosetteAPITest" time="0.018"/>
  <testcase name="testGetMorphologyURL[33]" classname="com.basistech.rosette.api.RosetteAPITest" time="0.015"/>
  <testcase name="testGetSyntaxDependenciesURL[33]" classname="com.basistech.rosette.api.RosetteAPITest" time="0.015"/>
  <testcase name="testNonIgnoredUnknownField[33]" classname="com.basistech.rosette.api.RosetteAPITest" time="0.015"/>
  <testcase name="testGetEntityDoc[33]" classname="com.basistech.rosette.api.RosetteAPITest" time="0.026"/>
  <testcase name="testGetEntityURL[33]" classname="com.basistech.rosette.api.RosetteAPITest" time="0.025"/>
  <testcase name="testNameDeduplication[33]" classname="com.basistech.rosette.api.RosetteAPITest" time="0.016"/>
  <testcase name="testGetLanguageDoc[33]" classname="com.basistech.rosette.api.RosetteAPITest" time="0.014"/>
  <testcase name="testGetLanguageURL[33]" classname="com.basistech.rosette.api.RosetteAPITest" time="0.02"/>
  <testcase name="testMatchName[33]" classname="com.basistech.rosette.api.RosetteAPITest" time="0.015"/>
  <testcase name="testGetSentiment[33]" classname="com.basistech.rosette.api.RosetteAPITest" time="0.018"/>
  <testcase name="testGetCategoriesURL[33]" classname="com.basistech.rosette.api.RosetteAPITest" time="0.017"/>
  <testcase name="testGetSentimentURL[34]" classname="com.basistech.rosette.api.RosetteAPITest" time="0.017"/>
  <testcase name="testIgnoredUnknownField[34]" classname="com.basistech.rosette.api.RosetteAPITest" time="0.027"/>
  <testcase name="testTranslateName[34]" classname="com.basistech.rosette.api.RosetteAPITest" time="0.015"/>
  <testcase name="testGetRelationships[34]" classname="com.basistech.rosette.api.RosetteAPITest" time="0.023"/>
  <testcase name="testGetCategories[34]" classname="com.basistech.rosette.api.RosetteAPITest" time="0.022"/>
  <testcase name="testGetSyntaxDependencies[34]" classname="com.basistech.rosette.api.RosetteAPITest" time="0.015"/>
  <testcase name="testGetRelationshipsURL[34]" classname="com.basistech.rosette.api.RosetteAPITest" time="0.014"/>
  <testcase name="testGetMorphologyDoc[34]" classname="com.basistech.rosette.api.RosetteAPITest" time="0.015"/>
  <testcase name="testGetMorphologyURL[34]" classname="com.basistech.rosette.api.RosetteAPITest" time="0.015"/>
  <testcase name="testGetSyntaxDependenciesURL[34]" classname="com.basistech.rosette.api.RosetteAPITest" time="0.027"/>
  <testcase name="testNonIgnoredUnknownField[34]" classname="com.basistech.rosette.api.RosetteAPITest" time="0.016"/>
  <testcase name="testGetEntityDoc[34]" classname="com.basistech.rosette.api.RosetteAPITest" time="0.015"/>
  <testcase name="testGetEntityURL[34]" classname="com.basistech.rosette.api.RosetteAPITest" time="0.015"/>
  <testcase name="testNameDeduplication[34]" classname="com.basistech.rosette.api.RosetteAPITest" time="0.015"/>
  <testcase name="testGetLanguageDoc[34]" classname="com.basistech.rosette.api.RosetteAPITest" time="0.014"/>
  <testcase name="testGetLanguageURL[34]" classname="com.basistech.rosette.api.RosetteAPITest" time="0.015"/>
  <testcase name="testMatchName[34]" classname="com.basistech.rosette.api.RosetteAPITest" time="0.014"/>
  <testcase name="testGetSentiment[34]" classname="com.basistech.rosette.api.RosetteAPITest" time="0.017"/>
  <testcase name="testGetCategoriesURL[34]" classname="com.basistech.rosette.api.RosetteAPITest" time="0.023"/>
  <testcase name="testGetSentimentURL[35]" classname="com.basistech.rosette.api.RosetteAPITest" time="0.015"/>
  <testcase name="testIgnoredUnknownField[35]" classname="com.basistech.rosette.api.RosetteAPITest" time="0.016"/>
  <testcase name="testTranslateName[35]" classname="com.basistech.rosette.api.RosetteAPITest" time="0.017"/>
  <testcase name="testGetRelationships[35]" classname="com.basistech.rosette.api.RosetteAPITest" time="0.021"/>
  <testcase name="testGetCategories[35]" classname="com.basistech.rosette.api.RosetteAPITest" time="0.019"/>
  <testcase name="testGetSyntaxDependencies[35]" classname="com.basistech.rosette.api.RosetteAPITest" time="0.035"/>
  <testcase name="testGetRelationshipsURL[35]" classname="com.basistech.rosette.api.RosetteAPITest" time="0.015"/>
  <testcase name="testGetMorphologyDoc[35]" classname="com.basistech.rosette.api.RosetteAPITest" time="0.039"/>
  <testcase name="testGetMorphologyURL[35]" classname="com.basistech.rosette.api.RosetteAPITest" time="0.02"/>
  <testcase name="testGetSyntaxDependenciesURL[35]" classname="com.basistech.rosette.api.RosetteAPITest" time="0.019"/>
  <testcase name="testNonIgnoredUnknownField[35]" classname="com.basistech.rosette.api.RosetteAPITest" time="0.02"/>
  <testcase name="testGetEntityDoc[35]" classname="com.basistech.rosette.api.RosetteAPITest" time="0.02"/>
  <testcase name="testGetEntityURL[35]" classname="com.basistech.rosette.api.RosetteAPITest" time="0.019"/>
  <testcase name="testNameDeduplication[35]" classname="com.basistech.rosette.api.RosetteAPITest" time="0.025"/>
  <testcase name="testGetLanguageDoc[35]" classname="com.basistech.rosette.api.RosetteAPITest" time="0.02"/>
  <testcase name="testGetLanguageURL[35]" classname="com.basistech.rosette.api.RosetteAPITest" time="0.019"/>
  <testcase name="testMatchName[35]" classname="com.basistech.rosette.api.RosetteAPITest" time="0.017"/>
  <testcase name="testGetSentiment[35]" classname="com.basistech.rosette.api.RosetteAPITest" time="0.025"/>
  <testcase name="testGetCategoriesURL[35]" classname="com.basistech.rosette.api.RosetteAPITest" time="0.019"/>
  <testcase name="testGetSentimentURL[36]" classname="com.basistech.rosette.api.RosetteAPITest" time="0.015"/>
  <testcase name="testIgnoredUnknownField[36]" classname="com.basistech.rosette.api.RosetteAPITest" time="0.015"/>
  <testcase name="testTranslateName[36]" classname="com.basistech.rosette.api.RosetteAPITest" time="0.016"/>
  <testcase name="testGetRelationships[36]" classname="com.basistech.rosette.api.RosetteAPITest" time="0.024"/>
  <testcase name="testGetCategories[36]" classname="com.basistech.rosette.api.RosetteAPITest" time="0.017"/>
  <testcase name="testGetSyntaxDependencies[36]" classname="com.basistech.rosette.api.RosetteAPITest" time="0.014"/>
  <testcase name="testGetRelationshipsURL[36]" classname="com.basistech.rosette.api.RosetteAPITest" time="0.014"/>
  <testcase name="testGetMorphologyDoc[36]" classname="com.basistech.rosette.api.RosetteAPITest" time="0.017"/>
  <testcase name="testGetMorphologyURL[36]" classname="com.basistech.rosette.api.RosetteAPITest" time="0.016"/>
  <testcase name="testGetSyntaxDependenciesURL[36]" classname="com.basistech.rosette.api.RosetteAPITest" time="0.03"/>
  <testcase name="testNonIgnoredUnknownField[36]" classname="com.basistech.rosette.api.RosetteAPITest" time="0.015"/>
  <testcase name="testGetEntityDoc[36]" classname="com.basistech.rosette.api.RosetteAPITest" time="0.017"/>
  <testcase name="testGetEntityURL[36]" classname="com.basistech.rosette.api.RosetteAPITest" time="0.017"/>
  <testcase name="testNameDeduplication[36]" classname="com.basistech.rosette.api.RosetteAPITest" time="0.017"/>
  <testcase name="testGetLanguageDoc[36]" classname="com.basistech.rosette.api.RosetteAPITest" time="0.02"/>
  <testcase name="testGetLanguageURL[36]" classname="com.basistech.rosette.api.RosetteAPITest" time="0.015"/>
  <testcase name="testMatchName[36]" classname="com.basistech.rosette.api.RosetteAPITest" time="0.015"/>
  <testcase name="testGetSentiment[36]" classname="com.basistech.rosette.api.RosetteAPITest" time="0.016"/>
  <testcase name="testGetCategoriesURL[36]" classname="com.basistech.rosette.api.RosetteAPITest" time="0.017"/>
  <testcase name="testGetSentimentURL[37]" classname="com.basistech.rosette.api.RosetteAPITest" time="0.02"/>
  <testcase name="testIgnoredUnknownField[37]" classname="com.basistech.rosette.api.RosetteAPITest" time="0.015"/>
  <testcase name="testTranslateName[37]" classname="com.basistech.rosette.api.RosetteAPITest" time="0.017"/>
  <testcase name="testGetRelationships[37]" classname="com.basistech.rosette.api.RosetteAPITest" time="0.017"/>
  <testcase name="testGetCategories[37]" classname="com.basistech.rosette.api.RosetteAPITest" time="0.015"/>
  <testcase name="testGetSyntaxDependencies[37]" classname="com.basistech.rosette.api.RosetteAPITest" time="0.025"/>
  <testcase name="testGetRelationshipsURL[37]" classname="com.basistech.rosette.api.RosetteAPITest" time="0.015"/>
  <testcase name="testGetMorphologyDoc[37]" classname="com.basistech.rosette.api.RosetteAPITest" time="0.015"/>
  <testcase name="testGetMorphologyURL[37]" classname="com.basistech.rosette.api.RosetteAPITest" time="0.016"/>
  <testcase name="testGetSyntaxDependenciesURL[37]" classname="com.basistech.rosette.api.RosetteAPITest" time="0.016"/>
  <testcase name="testNonIgnoredUnknownField[37]" classname="com.basistech.rosette.api.RosetteAPITest" time="0.014"/>
[...]
  <testcase name="testGetEntityDoc[74]" classname="com.basistech.rosette.api.RosetteAPITest" time="0.013"/>
  <testcase name="testGetEntityURL[74]" classname="com.basistech.rosette.api.RosetteAPITest" time="0.014"/>
  <testcase name="testNameDeduplication[74]" classname="com.basistech.rosette.api.RosetteAPITest" time="0.02"/>
  <testcase name="testGetLanguageDoc[74]" classname="com.basistech.rosette.api.RosetteAPITest" time="0.014"/>
  <testcase name="testGetLanguageURL[74]" classname="com.basistech.rosette.api.RosetteAPITest" time="0.014"/>
  <testcase name="testMatchName[74]" classname="com.basistech.rosette.api.RosetteAPITest" time="0.015"/>
  <testcase name="testGetSentiment[74]" classname="com.basistech.rosette.api.RosetteAPITest" time="0.012"/>
  <testcase name="testGetCategoriesURL[74]" classname="com.basistech.rosette.api.RosetteAPITest" time="0.014"/>
  <testcase name="testGetSentimentURL[75]" classname="com.basistech.rosette.api.RosetteAPITest" time="0.017"/>
  <testcase name="testIgnoredUnknownField[75]" classname="com.basistech.rosette.api.RosetteAPITest" time="0.015"/>
  <testcase name="testTranslateName[75]" classname="com.basistech.rosette.api.RosetteAPITest" time="0.013"/>
  <testcase name="testGetRelationships[75]" classname="com.basistech.rosette.api.RosetteAPITest" time="0.015"/>
  <testcase name="testGetCategories[75]" classname="com.basistech.rosette.api.RosetteAPITest" time="0.015"/>
  <testcase name="testGetSyntaxDependencies[75]" classname="com.basistech.rosette.api.RosetteAPITest" time="0.015"/>
  <testcase name="testGetRelationshipsURL[75]" classname="com.basistech.rosette.api.RosetteAPITest" time="0.016"/>
  <testcase name="testGetMorphologyDoc[75]" classname="com.basistech.rosette.api.RosetteAPITest" time="0.014"/>
  <testcase name="testGetMorphologyURL[75]" classname="com.basistech.rosette.api.RosetteAPITest" time="0.014"/>
  <testcase name="testGetSyntaxDependenciesURL[75]" classname="com.basistech.rosette.api.RosetteAPITest" time="0.014"/>
  <testcase name="testNonIgnoredUnknownField[75]" classname="com.basistech.rosette.api.RosetteAPITest" time="0.014"/>
  <testcase name="testGetEntityDoc[75]" classname="com.basistech.rosette.api.RosetteAPITest" time="0.022"/>
  <testcase name="testGetEntityURL[75]" classname="com.basistech.rosette.api.RosetteAPITest" time="0.018"/>
  <testcase name="testNameDeduplication[75]" classname="com.basistech.rosette.api.RosetteAPITest" time="0.013"/>
  <testcase name="testGetLanguageDoc[75]" classname="com.basistech.rosette.api.RosetteAPITest" time="0.014"/>
  <testcase name="testGetLanguageURL[75]" classname="com.basistech.rosette.api.RosetteAPITest" time="0.014"/>
  <testcase name="testMatchName[75]" classname="com.basistech.rosette.api.RosetteAPITest" time="0.014"/>
  <testcase name="testGetSentiment[75]" classname="com.basistech.rosette.api.RosetteAPITest" time="0.014"/>
  <testcase name="testGetCategoriesURL[75]" classname="com.basistech.rosette.api.RosetteAPITest" time="0.016"/>
  <testcase name="testGetSentimentURL[76]" classname="com.basistech.rosette.api.RosetteAPITest" time="0.014"/>
  <testcase name="testIgnoredUnknownField[76]" classname="com.basistech.rosette.api.RosetteAPITest" time="0.013"/>
  <testcase name="testTranslateName[76]" classname="com.basistech.rosette.api.RosetteAPITest" time="0.014"/>
  <testcase name="testGetRelationships[76]" classname="com.basistech.rosette.api.RosetteAPITest" time="0.014"/>
  <testcase name="testGetCategories[76]" classname="com.basistech.rosette.api.RosetteAPITest" time="0.014"/>
  <testcase name="testGetSyntaxDependencies[76]" classname="com.basistech.rosette.api.RosetteAPITest" time="0.016"/>
  <testcase name="testGetRelationshipsURL[76]" classname="com.basistech.rosette.api.RosetteAPITest" time="0.013"/>
  <testcase name="testGetMorphologyDoc[76]" classname="com.basistech.rosette.api.RosetteAPITest" time="0.013"/>
  <testcase name="testGetMorphologyURL[76]" classname="com.basistech.rosette.api.RosetteAPITest" time="0.013"/>
  <testcase name="testGetSyntaxDependenciesURL[76]" classname="com.basistech.rosette.api.RosetteAPITest" time="0.013"/>
  <testcase name="testNonIgnoredUnknownField[76]" classname="com.basistech.rosette.api.RosetteAPITest" time="0.014"/>
  <testcase name="testGetEntityDoc[76]" classname="com.basistech.rosette.api.RosetteAPITest" time="0.023"/>
  <testcase name="testGetEntityURL[76]" classname="com.basistech.rosette.api.RosetteAPITest" time="0.015"/>
  <testcase name="testNameDeduplication[76]" classname="com.basistech.rosette.api.RosetteAPITest" time="0.016"/>
  <testcase name="testGetLanguageDoc[76]" classname="com.basistech.rosette.api.RosetteAPITest" time="0.019"/>
  <testcase name="testGetLanguageURL[76]" classname="com.basistech.rosette.api.RosetteAPITest" time="0.014"/>
  <testcase name="testMatchName[76]" classname="com.basistech.rosette.api.RosetteAPITest" time="0.013"/>
  <testcase name="testGetSentiment[76]" classname="com.basistech.rosette.api.RosetteAPITest" time="0.023"/>
  <testcase name="testGetCategoriesURL[76]" classname="com.basistech.rosette.api.RosetteAPITest" time="0.015"/>
  <testcase name="testGetSentimentURL[77]" classname="com.basistech.rosette.api.RosetteAPITest" time="0.014"/>
  <testcase name="testIgnoredUnknownField[77]" classname="com.basistech.rosette.api.RosetteAPITest" time="0.015"/>
  <testcase name="testTranslateName[77]" classname="com.basistech.rosette.api.RosetteAPITest" time="0.014"/>
  <testcase name="testGetRelationships[77]" classname="com.basistech.rosette.api.RosetteAPITest" time="0.015"/>
  <testcase name="testGetCategories[77]" classname="com.basistech.rosette.api.RosetteAPITest" time="0.023"/>
  <testcase name="testGetSyntaxDependencies[77]" classname="com.basistech.rosette.api.RosetteAPITest" time="0.016"/>
  <testcase name="testGetRelationshipsURL[77]" classname="com.basistech.rosette.api.RosetteAPITest" time="0.014"/>
  <testcase name="testGetMorphologyDoc[77]" classname="com.basistech.rosette.api.RosetteAPITest" time="0.014"/>
  <testcase name="testGetMorphologyURL[77]" classname="com.basistech.rosette.api.RosetteAPITest" time="0.014"/>
  <testcase name="testGetSyntaxDependenciesURL[77]" classname="com.basistech.rosette.api.RosetteAPITest" time="0.015"/>
  <testcase name="testNonIgnoredUnknownField[77]" classname="com.basistech.rosette.api.RosetteAPITest" time="0.021"/>
  <testcase name="testGetEntityDoc[77]" classname="com.basistech.rosette.api.RosetteAPITest" time="0.015"/>
  <testcase name="testGetEntityURL[77]" classname="com.basistech.rosette.api.RosetteAPITest" time="0.015"/>
  <testcase name="testNameDeduplication[77]" classname="com.basistech.rosette.api.RosetteAPITest" time="0.014"/>
  <testcase name="testGetLanguageDoc[77]" classname="com.basistech.rosette.api.RosetteAPITest" time="0.014"/>
  <testcase name="testGetLanguageURL[77]" classname="com.basistech.rosette.api.RosetteAPITest" time="0.015"/>
  <testcase name="testMatchName[77]" classname="com.basistech.rosette.api.RosetteAPITest" time="0.015"/>
  <testcase name="testGetSentiment[77]" classname="com.basistech.rosette.api.RosetteAPITest" time="0.015"/>
  <testcase name="testGetCategoriesURL[77]" classname="com.basistech.rosette.api.RosetteAPITest" time="0.015"/>
  <testcase name="testGetSentimentURL[78]" classname="com.basistech.rosette.api.RosetteAPITest" time="0.014"/>
  <testcase name="testIgnoredUnknownField[78]" classname="com.basistech.rosette.api.RosetteAPITest" time="0.014"/>
  <testcase name="testTranslateName[78]" classname="com.basistech.rosette.api.RosetteAPITest" time="0.014"/>
  <testcase name="testGetRelationships[78]" classname="com.basistech.rosette.api.RosetteAPITest" time="0.015"/>
  <testcase name="testGetCategories[78]" classname="com.basistech.rosette.api.RosetteAPITest" time="0.037"/>
  <testcase name="testGetSyntaxDependencies[78]" classname="com.basistech.rosette.api.RosetteAPITest" time="0.015"/>
  <testcase name="testGetRelationshipsURL[78]" classname="com.basistech.rosette.api.RosetteAPITest" time="0.015"/>
  <testcase name="testGetMorphologyDoc[78]" classname="com.basistech.rosette.api.RosetteAPITest" time="0.014"/>
  <testcase name="testGetMorphologyURL[78]" classname="com.basistech.rosette.api.RosetteAPITest" time="0.016"/>
  <testcase name="testGetSyntaxDependenciesURL[78]" classname="com.basistech.rosette.api.RosetteAPITest" time="0.014"/>
  <testcase name="testNonIgnoredUnknownField[78]" classname="com.basistech.rosette.api.RosetteAPITest" time="0.013"/>
  <testcase name="testGetEntityDoc[78]" classname="com.basistech.rosette.api.RosetteAPITest" time="0.014"/>
  <testcase name="testGetEntityURL[78]" classname="com.basistech.rosette.api.RosetteAPITest" time="0.013"/>
  <testcase name="testNameDeduplication[78]" classname="com.basistech.rosette.api.RosetteAPITest" time="0.014"/>
  <testcase name="testGetLanguageDoc[78]" classname="com.basistech.rosette.api.RosetteAPITest" time="0.023"/>
  <testcase name="testGetLanguageURL[78]" classname="com.basistech.rosette.api.RosetteAPITest" time="0.014"/>
  <testcase name="testMatchName[78]" classname="com.basistech.rosette.api.RosetteAPITest" time="0.014"/>
  <testcase name="testGetSentiment[78]" classname="com.basistech.rosette.api.RosetteAPITest" time="0.017"/>
  <testcase name="testGetCategoriesURL[78]" classname="com.basistech.rosette.api.RosetteAPITest" time="0.02"/>
  <testcase name="testGetSentimentURL[79]" classname="com.basistech.rosette.api.RosetteAPITest" time="0.015"/>
  <testcase name="testIgnoredUnknownField[79]" classname="com.basistech.rosette.api.RosetteAPITest" time="0.018"/>
  <testcase name="testTranslateName[79]" classname="com.basistech.rosette.api.RosetteAPITest" time="0.015"/>
  <testcase name="testGetRelationships[79]" classname="com.basistech.rosette.api.RosetteAPITest" time="0.015"/>
  <testcase name="testGetCategories[79]" classname="com.basistech.rosette.api.RosetteAPITest" time="0.014"/>
  <testcase name="testGetSyntaxDependencies[79]" classname="com.basistech.rosette.api.RosetteAPITest" time="0.018"/>
  <testcase name="testGetRelationshipsURL[79]" classname="com.basistech.rosette.api.RosetteAPITest" time="0.016"/>
  <testcase name="testGetMorphologyDoc[79]" classname="com.basistech.rosette.api.RosetteAPITest" time="0.015"/>
  <testcase name="testGetMorphologyURL[79]" classname="com.basistech.rosette.api.RosetteAPITest" time="0.021"/>
  <testcase name="testGetSyntaxDependenciesURL[79]" classname="com.basistech.rosette.api.RosetteAPITest" time="0.016"/>
  <testcase name="testNonIgnoredUnknownField[79]" classname="com.basistech.rosette.api.RosetteAPITest" time="0.016"/>
  <testcase name="testGetEntityDoc[79]" classname="com.basistech.rosette.api.RosetteAPITest" time="0.018"/>
  <testcase name="testGetEntityURL[79]" classname="com.basistech.rosette.api.RosetteAPITest" time="0.015"/>
  <testcase name="testNameDeduplication[79]" classname="com.basistech.rosette.api.RosetteAPITest" time="0.016"/>
  <testcase name="testGetLanguageDoc[79]" classname="com.basistech.rosette.api.RosetteAPITest" time="0.014"/>
  <testcase name="testGetLanguageURL[79]" classname="com.basistech.rosette.api.RosetteAPITest" time="0.015"/>
  <testcase name="testMatchName[79]" classname="com.basistech.rosette.api.RosetteAPITest" time="0.015"/>
  <testcase name="testGetSentiment[79]" classname="com.basistech.rosette.api.RosetteAPITest" time="0.023"/>
  <testcase name="testGetCategoriesURL[79]" classname="com.basistech.rosette.api.RosetteAPITest" time="0.016"/>
  <testcase name="testGetSentimentURL[80]" classname="com.basistech.rosette.api.RosetteAPITest" time="0.014"/>
  <testcase name="testIgnoredUnknownField[80]" classname="com.basistech.rosette.api.RosetteAPITest" time="0.013"/>
  <testcase name="testTranslateName[80]" classname="com.basistech.rosette.api.RosetteAPITest" time="0.014"/>
  <testcase name="testGetRelationships[80]" classname="com.basistech.rosette.api.RosetteAPITest" time="0.014"/>
  <testcase name="testGetCategories[80]" classname="com.basistech.rosette.api.RosetteAPITest" time="0.021"/>
  <testcase name="testGetSyntaxDependencies[80]" classname="com.basistech.rosette.api.RosetteAPITest" time="0.018"/>
  <testcase name="testGetRelationshipsURL[80]" classname="com.basistech.rosette.api.RosetteAPITest" time="0.013"/>
  <testcase name="testGetMorphologyDoc[80]" classname="com.basistech.rosette.api.RosetteAPITest" time="0.014"/>
  <testcase name="testGetMorphologyURL[80]" classname="com.basistech.rosette.api.RosetteAPITest" time="0.013"/>
  <testcase name="testGetSyntaxDependenciesURL[80]" classname="com.basistech.rosette.api.RosetteAPITest" time="0.013"/>
  <testcase name="testNonIgnoredUnknownField[80]" classname="com.basistech.rosette.api.RosetteAPITest" time="0.02"/>
  <testcase name="testGetEntityDoc[80]" classname="com.basistech.rosette.api.RosetteAPITest" time="0.015"/>
  <testcase name="testGetEntityURL[80]" classname="com.basistech.rosette.api.RosetteAPITest" time="0.013"/>
  <testcase name="testNameDeduplication[80]" classname="com.basistech.rosette.api.RosetteAPITest" time="0.013"/>
  <testcase name="testGetLanguageDoc[80]" classname="com.basistech.rosette.api.RosetteAPITest" time="0.018"/>
  <testcase name="testGetLanguageURL[80]" classname="com.basistech.rosette.api.RosetteAPITest" time="0.015"/>
  <testcase name="testMatchName[80]" classname="com.basistech.rosette.api.RosetteAPITest" time="0.014"/>
  <testcase name="testGetSentiment[80]" classname="com.basistech.rosette.api.RosetteAPITest" time="0.014"/>
  <testcase name="testGetCategoriesURL[80]" classname="com.basistech.rosette.api.RosetteAPITest" time="0.013"/>
  <testcase name="testGetSentimentURL[81]" classname="com.basistech.rosette.api.RosetteAPITest" time="0.015"/>
  <testcase name="testIgnoredUnknownField[81]" classname="com.basistech.rosette.api.RosetteAPITest" time="0.014"/>
  <testcase name="testTranslateName[81]" classname="com.basistech.rosette.api.RosetteAPITest" time="0.023"/>
  <testcase name="testGetRelationships[81]" classname="com.basistech.rosette.api.RosetteAPITest" time="0.014"/>
  <testcase name="testGetCategories[81]" classname="com.basistech.rosette.api.RosetteAPITest" time="0.014"/>
  <testcase name="testGetSyntaxDependencies[81]" classname="com.basistech.rosette.api.RosetteAPITest" time="0.015"/>
  <testcase name="testGetRelationshipsURL[81]" classname="com.basistech.rosette.api.RosetteAPITest" time="0.014"/>
  <testcase name="testGetMorphologyDoc[81]" classname="com.basistech.rosette.api.RosetteAPITest" time="0.013"/>
  <testcase name="testGetMorphologyURL[81]" classname="com.basistech.rosette.api.RosetteAPITest" time="0.021"/>
  <testcase name="testGetSyntaxDependenciesURL[81]" classname="com.basistech.rosette.api.RosetteAPITest" time="0.015"/>
  <testcase name="testNonIgnoredUnknownField[81]" classname="com.basistech.rosette.api.RosetteAPITest" time="0.015"/>
  <testcase name="testGetEntityDoc[81]" classname="com.basistech.rosette.api.RosetteAPITest" time="0.014"/>
  <testcase name="testGetEntityURL[81]" classname="com.basistech.rosette.api.RosetteAPITest" time="0.025"/>
  <testcase name="testNameDeduplication[81]" classname="com.basistech.rosette.api.RosetteAPITest" time="0.03"/>
  <testcase name="testGetLanguageDoc[81]" classname="com.basistech.rosette.api.RosetteAPITest" time="0.026"/>
  <testcase name="testGetLanguageURL[81]" classname="com.basistech.rosette.api.RosetteAPITest" time="0.014"/>
  <testcase name="testMatchName[81]" classname="com.basistech.rosette.api.RosetteAPITest" time="0.014"/>
  <testcase name="testGetSentiment[81]" classname="com.basistech.rosette.api.RosetteAPITest" time="0.014"/>
  <testcase name="testGetCategoriesURL[81]" classname="com.basistech.rosette.api.RosetteAPITest" time="0.014"/>
  <testcase name="testGetSentimentURL[82]" classname="com.basistech.rosette.api.RosetteAPITest" time="0.015"/>
  <testcase name="testIgnoredUnknownField[82]" classname="com.basistech.rosette.api.RosetteAPITest" time="0.016"/>
  <testcase name="testTranslateName[82]" classname="com.basistech.rosette.api.RosetteAPITest" time="0.016"/>
  <testcase name="testGetRelationships[82]" classname="com.basistech.rosette.api.RosetteAPITest" time="0.013"/>
  <testcase name="testGetCategories[82]" classname="com.basistech.rosette.api.RosetteAPITest" time="0.013"/>
  <testcase name="testGetSyntaxDependencies[82]" classname="com.basistech.rosette.api.RosetteAPITest" time="0.014"/>
  <testcase name="testGetRelationshipsURL[82]" classname="com.basistech.rosette.api.RosetteAPITest" time="0.013"/>
  <testcase name="testGetMorphologyDoc[82]" classname="com.basistech.rosette.api.RosetteAPITest" time="0.013"/>
  <testcase name="testGetMorphologyURL[82]" classname="com.basistech.rosette.api.RosetteAPITest" time="0.016"/>
  <testcase name="testGetSyntaxDependenciesURL[82]" classname="com.basistech.rosette.api.RosetteAPITest" time="0.012"/>
  <testcase name="testNonIgnoredUnknownField[82]" classname="com.basistech.rosette.api.RosetteAPITest" time="0.013"/>
  <testcase name="testGetEntityDoc[82]" classname="com.basistech.rosette.api.RosetteAPITest" time="0.014"/>
  <testcase name="testGetEntityURL[82]" classname="com.basistech.rosette.api.RosetteAPITest" time="0.013"/>
  <testcase name="testNameDeduplication[82]" classname="com.basistech.rosette.api.RosetteAPITest" time="0.021"/>
  <testcase name="testGetLanguageDoc[82]" classname="com.basistech.rosette.api.RosetteAPITest" time="0.016"/>
  <testcase name="testGetLanguageURL[82]" classname="com.basistech.rosette.api.RosetteAPITest" time="0.014"/>
  <testcase name="testMatchName[82]" classname="com.basistech.rosette.api.RosetteAPITest" time="0.018"/>
  <testcase name="testGetSentiment[82]" classname="com.basistech.rosette.api.RosetteAPITest" time="0.015"/>
  <testcase name="testGetCategoriesURL[82]" classname="com.basistech.rosette.api.RosetteAPITest" time="0.013"/>
  <testcase name="testGetSentimentURL[83]" classname="com.basistech.rosette.api.RosetteAPITest" time="0.014"/>
  <testcase name="testIgnoredUnknownField[83]" classname="com.basistech.rosette.api.RosetteAPITest" time="0.016"/>
  <testcase name="testTranslateName[83]" classname="com.basistech.rosette.api.RosetteAPITest" time="0.013"/>
  <testcase name="testGetRelationships[83]" classname="com.basistech.rosette.api.RosetteAPITest" time="0.014"/>
  <testcase name="testGetCategories[83]" classname="com.basistech.rosette.api.RosetteAPITest" time="0.018"/>
  <testcase name="testGetSyntaxDependencies[83]" classname="com.basistech.rosette.api.RosetteAPITest" time="0.013"/>
  <testcase name="testGetRelationshipsURL[83]" classname="com.basistech.rosette.api.RosetteAPITest" time="0.023"/>
  <testcase name="testGetMorphologyDoc[83]" classname="com.basistech.rosette.api.RosetteAPITest" time="0.013"/>
  <testcase name="testGetMorphologyURL[83]" classname="com.basistech.rosette.api.RosetteAPITest" time="0.013"/>
  <testcase name="testGetSyntaxDependenciesURL[83]" classname="com.basistech.rosette.api.RosetteAPITest" time="0.014"/>
  <testcase name="testNonIgnoredUnknownField[83]" classname="com.basistech.rosette.api.RosetteAPITest" time="0.015"/>
  <testcase name="testGetEntityDoc[83]" classname="com.basistech.rosette.api.RosetteAPITest" time="0.013"/>
  <testcase name="testGetEntityURL[83]" classname="com.basistech.rosette.api.RosetteAPITest" time="0.013"/>
  <testcase name="testNameDeduplication[83]" classname="com.basistech.rosette.api.RosetteAPITest" time="0.013"/>
  <testcase name="testGetLanguageDoc[83]" classname="com.basistech.rosette.api.RosetteAPITest" time="0.013"/>
  <testcase name="testGetLanguageURL[83]" classname="com.basistech.rosette.api.RosetteAPITest" time="0.016"/>
  <testcase name="testMatchName[83]" classname="com.basistech.rosette.api.RosetteAPITest" time="0.013"/>
  <testcase name="testGetSentiment[83]" classname="com.basistech.rosette.api.RosetteAPITest" time="0.014"/>
  <testcase name="testGetCategoriesURL[83]" classname="com.basistech.rosette.api.RosetteAPITest" time="0.013"/>
</testsuite>